<?xml version="1.0" encoding="UTF-8"?>
<testsuite name="com.app.server.service.TimezoneTestCase" tests="4" skipped="0" failures="0" errors="0" timestamp="2015-12-22T13:21:04" hostname="0b9ad812dce1" time="1.681">
  <properties/>
  <testcase name="test1Save" classname="com.app.server.service.TimezoneTestCase" time="1.553"/>
  <testcase name="test2Update" classname="com.app.server.service.TimezoneTestCase" time="0.077"/>
  <testcase name="test3FindById" classname="com.app.server.service.TimezoneTestCase" time="0.007"/>
  <testcase name="test4Delete" classname="com.app.server.service.TimezoneTestCase" time="0.043"/>
  <system-out><![CDATA[Setting logged in user info for ADD
In around repository aspect
[EL Fine]: sql: 2015-12-22 13:21:04.96--ClientSession(1307681719)--Connection(1511417314)--Thread(Thread[Test worker,5,main])--INSERT INTO ast_Timezone_M (timeZoneId, cities, country, gmtLabel, timeZoneLabel, utcdifference, versionId, createdBy, createdDate, updatedBy, updatedDate, activeStatus, txnAccessCode) VALUES (?, ?, ?, ?, ?, ?, ?, ?, ?, ?, ?, ?, ?)
	bind => [6CC76F68-6152-4228-A66B-4065E1B6CD7A, SCMOGvaLRhaIjjZKiScFp8vq2XSIXus9mMPY509etVzry4JV2v, mkoFViwV1KvdemwDjUQo2PG1kxv0do3NOIu0N0r8GZnY97go2b, llcpeLzY1PjvMx3sh6jas9Daq16UtsuKUfQjOau1GJ4FkJPM5J, IlUJQ5824Nc460vexzJkbDyAapIRblN9yDHXcMxTteSDwlBSED, 4, 1, AAAAA, 2015-12-22 18:51:04.463, null, 2015-12-22 18:51:04.463, 1, null]
In around repository aspect
[EL Fine]: sql: 2015-12-22 13:21:06.003--ClientSession(581247821)--Connection(1511417314)--Thread(Thread[Test worker,5,main])--SELECT timeZoneId, cities, country, gmtLabel, timeZoneLabel, utcdifference, versionId, createdBy, createdDate, updatedBy, updatedDate, activeStatus, txnAccessCode FROM ast_Timezone_M WHERE ((activeStatus = ?) AND (timeZoneId = ?))
	bind => [1, 6CC76F68-6152-4228-A66B-4065E1B6CD7A]
Setting logged in user info for UPDATE
In around repository aspect
[EL Fine]: sql: 2015-12-22 13:21:06.007--ClientSession(149863866)--Connection(1511417314)--Thread(Thread[Test worker,5,main])--SELECT timeZoneId, cities, country, gmtLabel, timeZoneLabel, utcdifference, versionId, createdBy, createdDate, updatedBy, updatedDate, activeStatus, txnAccessCode FROM ast_Timezone_M WHERE (timeZoneId = ?)
	bind => [6CC76F68-6152-4228-A66B-4065E1B6CD7A]
[EL Fine]: sql: 2015-12-22 13:21:06.009--ClientSession(149863866)--Connection(1511417314)--Thread(Thread[Test worker,5,main])--UPDATE ast_Timezone_M SET cities = ?, country = ?, gmtLabel = ?, timeZoneLabel = ?, utcdifference = ?, updatedBy = ?, versionId = ? WHERE ((timeZoneId = ?) AND (versionId = ?))
	bind => [i7keBAciGaTuhkNuURCIVomjeBgpZOGms4aIMXt7S4QVAvT0To, GCr9prQsms5473DHxTN5OCRTxq26ErdUxm3AZimZ4mPLC0naJI, CJ65ZUDrDmJBpMNCVj01zYOMpqm6ry0McwhgUKoZSmwnrQTNAV, IPCFWilPjJMCkhZCMQQi1MhmY2VHnDGmEKmNdBSZzdjnwJrE2n, 8, AAAAA, 2, 6CC76F68-6152-4228-A66B-4065E1B6CD7A, 1]
In around repository aspect
[EL Fine]: sql: 2015-12-22 13:21:06.075--ClientSession(1705434652)--Connection(1511417314)--Thread(Thread[Test worker,5,main])--SELECT timeZoneId, cities, country, gmtLabel, timeZoneLabel, utcdifference, versionId, createdBy, createdDate, updatedBy, updatedDate, activeStatus, txnAccessCode FROM ast_Timezone_M WHERE ((activeStatus = ?) AND (timeZoneId = ?))
	bind => [1, 6CC76F68-6152-4228-A66B-4065E1B6CD7A]
In around repository aspect
[EL Fine]: sql: 2015-12-22 13:21:06.082--ClientSession(1870891319)--Connection(1511417314)--Thread(Thread[Test worker,5,main])--SELECT timeZoneId, cities, country, gmtLabel, timeZoneLabel, utcdifference, versionId, createdBy, createdDate, updatedBy, updatedDate, activeStatus, txnAccessCode FROM ast_Timezone_M WHERE (timeZoneId = ?)
	bind => [6CC76F68-6152-4228-A66B-4065E1B6CD7A]
[EL Fine]: sql: 2015-12-22 13:21:06.084--ClientSession(1870891319)--Connection(1511417314)--Thread(Thread[Test worker,5,main])--DELETE FROM ast_Timezone_M WHERE ((timeZoneId = ?) AND (versionId = ?))
	bind => [6CC76F68-6152-4228-A66B-4065E1B6CD7A, 2]
]]></system-out>
  <system-err><![CDATA[]]></system-err>
</testsuite>
