<?xml version="1.0" encoding="UTF-8"?>
<testsuite name="com.app.server.service.RolesTestCase" tests="4" skipped="0" failures="0" errors="0" timestamp="2015-12-22T13:19:32" hostname="0b9ad812dce1" time="71.859">
  <properties/>
  <testcase name="test1Save" classname="com.app.server.service.RolesTestCase" time="70.846"/>
  <testcase name="test2Update" classname="com.app.server.service.RolesTestCase" time="0.265"/>
  <testcase name="test3FindById" classname="com.app.server.service.RolesTestCase" time="0.015"/>
  <testcase name="test4Delete" classname="com.app.server.service.RolesTestCase" time="0.732"/>
  <system-out><![CDATA[[EL Config]: metadata: 2015-12-22 13:19:45.12--ServerSession(190890163)--Thread(Thread[Test worker,5,main])--The access type for the persistent class [class com.athena.shared.entity.ArtEntity] is set to [FIELD].
[EL Config]: metadata: 2015-12-22 13:19:45.203--ServerSession(190890163)--Thread(Thread[Test worker,5,main])--The access type for the persistent class [class com.athena.shared.entity.AuditPropertiesEntity] is set to [FIELD].
[EL Config]: metadata: 2015-12-22 13:19:45.262--ServerSession(190890163)--Thread(Thread[Test worker,5,main])--The access type for the persistent class [class com.athena.shared.entity.query.ArtQuery] is set to [FIELD].
[EL Config]: metadata: 2015-12-22 13:19:45.266--ServerSession(190890163)--Thread(Thread[Test worker,5,main])--The access type for the persistent class [class com.app.shared.location.Currency] is set to [FIELD].
[EL Config]: metadata: 2015-12-22 13:19:45.272--ServerSession(190890163)--Thread(Thread[Test worker,5,main])--The access type for the persistent class [class com.athena.shared.entity.query.ArtMenu] is set to [FIELD].
[EL Config]: metadata: 2015-12-22 13:19:45.274--ServerSession(190890163)--Thread(Thread[Test worker,5,main])--The access type for the persistent class [class com.athena.shared.entity.query.ArtTableEntityRelation] is set to [FIELD].
[EL Config]: metadata: 2015-12-22 13:19:45.308--ServerSession(190890163)--Thread(Thread[Test worker,5,main])--The target entity (reference) class for the one to one mapping element [field reffKeyDetails] is being defaulted to: class com.athena.shared.entity.query.ArtTableFieldDetails.
[EL Config]: metadata: 2015-12-22 13:19:45.309--ServerSession(190890163)--Thread(Thread[Test worker,5,main])--The target entity (reference) class for the one to one mapping element [field owingKeyDetails] is being defaulted to: class com.athena.shared.entity.query.ArtTableFieldDetails.
[EL Config]: metadata: 2015-12-22 13:19:45.31--ServerSession(190890163)--Thread(Thread[Test worker,5,main])--The target entity (reference) class for the one to one mapping element [field reffTableDetails] is being defaulted to: class com.athena.shared.entity.query.ArtTableDetails.
[EL Config]: metadata: 2015-12-22 13:19:45.31--ServerSession(190890163)--Thread(Thread[Test worker,5,main])--The target entity (reference) class for the many to one mapping element [field owningTableDetails] is being defaulted to: class com.athena.shared.entity.query.ArtTableDetails.
[EL Config]: metadata: 2015-12-22 13:19:45.312--ServerSession(190890163)--Thread(Thread[Test worker,5,main])--The access type for the persistent class [class com.athena.cloud.shared.entity.CloudDriveTags] is set to [FIELD].
[EL Config]: metadata: 2015-12-22 13:19:45.713--ServerSession(190890163)--Thread(Thread[Test worker,5,main])--The target entity (reference) class for the one to many mapping element [field awsCloudDriveTagFiles] is being defaulted to: class com.athena.cloud.shared.entity.CloudDriveTagFiles.
[EL Config]: metadata: 2015-12-22 13:19:45.715--ServerSession(190890163)--Thread(Thread[Test worker,5,main])--The access type for the persistent class [class com.athena.shared.entity.report.ArtServiceOperation] is set to [FIELD].
[EL Config]: metadata: 2015-12-22 13:19:45.715--ServerSession(190890163)--Thread(Thread[Test worker,5,main])--The target entity (reference) class for the many to one mapping element [field artservice] is being defaulted to: class com.athena.shared.entity.report.ArtService.
[EL Config]: metadata: 2015-12-22 13:19:45.717--ServerSession(190890163)--Thread(Thread[Test worker,5,main])--The access type for the persistent class [class com.athena.shared.entity.report.ArtChartTemplate] is set to [FIELD].
[EL Config]: metadata: 2015-12-22 13:19:45.719--ServerSession(190890163)--Thread(Thread[Test worker,5,main])--The access type for the persistent class [class com.athena.cloud.shared.entity.CloudDriveFiles] is set to [FIELD].
[EL Config]: metadata: 2015-12-22 13:19:45.72--ServerSession(190890163)--Thread(Thread[Test worker,5,main])--The target entity (reference) class for the many to many mapping element [field tags] is being defaulted to: class com.athena.cloud.shared.entity.CloudDriveTags.
[EL Config]: metadata: 2015-12-22 13:19:45.721--ServerSession(190890163)--Thread(Thread[Test worker,5,main])--The target entity (reference) class for the one to one mapping element [field contentType] is being defaulted to: class com.athena.cloud.shared.entity.CloudDriveContentType.
[EL Config]: metadata: 2015-12-22 13:19:45.723--ServerSession(190890163)--Thread(Thread[Test worker,5,main])--The access type for the persistent class [class com.athena.shared.entity.query.ArtTableDetails] is set to [FIELD].
[EL Config]: metadata: 2015-12-22 13:19:45.724--ServerSession(190890163)--Thread(Thread[Test worker,5,main])--The target entity (reference) class for the one to many mapping element [field entityRelations] is being defaulted to: class com.athena.shared.entity.query.ArtTableEntityRelation.
[EL Config]: metadata: 2015-12-22 13:19:45.725--ServerSession(190890163)--Thread(Thread[Test worker,5,main])--The target entity (reference) class for the one to many mapping element [field artTableFieldDetail] is being defaulted to: class com.athena.shared.entity.query.ArtTableFieldDetails.
[EL Config]: metadata: 2015-12-22 13:19:45.727--ServerSession(190890163)--Thread(Thread[Test worker,5,main])--The access type for the persistent class [class com.app.shared.contacts.CommunicationGroup] is set to [FIELD].
[EL Config]: metadata: 2015-12-22 13:19:45.728--ServerSession(190890163)--Thread(Thread[Test worker,5,main])--The access type for the persistent class [class com.app.shared.location.District] is set to [FIELD].
[EL Config]: metadata: 2015-12-22 13:19:45.73--ServerSession(190890163)--Thread(Thread[Test worker,5,main])--The access type for the persistent class [class com.app.shared.authorization.UserRoleBridge] is set to [FIELD].
[EL Config]: metadata: 2015-12-22 13:19:45.732--ServerSession(190890163)--Thread(Thread[Test worker,5,main])--The access type for the persistent class [class com.athena.shared.entity.report.ArtChartCategory] is set to [FIELD].
[EL Config]: metadata: 2015-12-22 13:19:45.732--ServerSession(190890163)--Thread(Thread[Test worker,5,main])--The target entity (reference) class for the one to one mapping element [field chart_json_id] is being defaulted to: class com.athena.shared.entity.report.ArtChartJson.
[EL Config]: metadata: 2015-12-22 13:19:45.734--ServerSession(190890163)--Thread(Thread[Test worker,5,main])--The access type for the persistent class [class com.app.shared.contacts.ContactType] is set to [FIELD].
[EL Config]: metadata: 2015-12-22 13:19:45.736--ServerSession(190890163)--Thread(Thread[Test worker,5,main])--The access type for the persistent class [class com.athena.shared.entity.report.ArtChartJson] is set to [FIELD].
[EL Config]: metadata: 2015-12-22 13:19:45.737--ServerSession(190890163)--Thread(Thread[Test worker,5,main])--The target entity (reference) class for the one to one mapping element [field data_field_id] is being defaulted to: class com.athena.shared.entity.report.ArtChartDataFieldJson.
[EL Config]: metadata: 2015-12-22 13:19:45.738--ServerSession(190890163)--Thread(Thread[Test worker,5,main])--The access type for the persistent class [class com.app.shared.contacts.CommunicationData] is set to [FIELD].
[EL Config]: metadata: 2015-12-22 13:19:45.739--ServerSession(190890163)--Thread(Thread[Test worker,5,main])--The access type for the persistent class [class com.spartan.healthmeter.entity.ZenHealthGauge] is set to [FIELD].
[EL Config]: metadata: 2015-12-22 13:19:45.741--ServerSession(190890163)--Thread(Thread[Test worker,5,main])--The access type for the persistent class [class com.app.shared.authentication.Question] is set to [FIELD].
[EL Config]: metadata: 2015-12-22 13:19:45.742--ServerSession(190890163)--Thread(Thread[Test worker,5,main])--The access type for the persistent class [class com.athena.cloud.shared.entity.CloudDriveContentType] is set to [FIELD].
[EL Config]: metadata: 2015-12-22 13:19:45.743--ServerSession(190890163)--Thread(Thread[Test worker,5,main])--The access type for the persistent class [class com.app.shared.authentication.SessionData] is set to [FIELD].
[EL Config]: metadata: 2015-12-22 13:19:45.745--ServerSession(190890163)--Thread(Thread[Test worker,5,main])--The access type for the persistent class [class com.athena.shared.entity.report.ArtChartProperties] is set to [FIELD].
[EL Config]: metadata: 2015-12-22 13:19:45.747--ServerSession(190890163)--Thread(Thread[Test worker,5,main])--The access type for the persistent class [class com.app.shared.location.Country] is set to [FIELD].
[EL Config]: metadata: 2015-12-22 13:19:45.749--ServerSession(190890163)--Thread(Thread[Test worker,5,main])--The access type for the persistent class [class com.athena.shared.entity.query.ArtUserLastStatus] is set to [FIELD].
[EL Config]: metadata: 2015-12-22 13:19:45.75--ServerSession(190890163)--Thread(Thread[Test worker,5,main])--The access type for the persistent class [class com.app.shared.location.Village] is set to [FIELD].
[EL Config]: metadata: 2015-12-22 13:19:45.752--ServerSession(190890163)--Thread(Thread[Test worker,5,main])--The access type for the persistent class [class com.athena.shared.entity.query.ArtMasterForm] is set to [FIELD].
[EL Config]: metadata: 2015-12-22 13:19:45.753--ServerSession(190890163)--Thread(Thread[Test worker,5,main])--The access type for the persistent class [class com.app.shared.authentication.Login] is set to [FIELD].
[EL Config]: metadata: 2015-12-22 13:19:45.754--ServerSession(190890163)--Thread(Thread[Test worker,5,main])--The target entity (reference) class for the one to one mapping element [field coreContacts] is being defaulted to: class com.app.shared.contacts.CoreContacts.
[EL Config]: metadata: 2015-12-22 13:19:45.754--ServerSession(190890163)--Thread(Thread[Test worker,5,main])--The target entity (reference) class for the one to one mapping element [field user] is being defaulted to: class com.app.shared.authentication.User.
[EL Config]: metadata: 2015-12-22 13:19:45.755--ServerSession(190890163)--Thread(Thread[Test worker,5,main])--The access type for the persistent class [class com.athena.deo.model.AwsExternalIntegration] is set to [FIELD].
[EL Config]: metadata: 2015-12-22 13:19:45.756--ServerSession(190890163)--Thread(Thread[Test worker,5,main])--The access type for the persistent class [class com.athena.shared.entity.query.ArtUserMenu] is set to [FIELD].
[EL Config]: metadata: 2015-12-22 13:19:45.757--ServerSession(190890163)--Thread(Thread[Test worker,5,main])--The access type for the persistent class [class com.athena.cloud.shared.entity.CloudDriveTagShared] is set to [FIELD].
[EL Config]: metadata: 2015-12-22 13:19:45.757--ServerSession(190890163)--Thread(Thread[Test worker,5,main])--The target entity (reference) class for the one to one mapping element [field tags] is being defaulted to: class com.athena.cloud.shared.entity.CloudDriveTags.
[EL Config]: metadata: 2015-12-22 13:19:45.757--ServerSession(190890163)--Thread(Thread[Test worker,5,main])--The access type for the persistent class [class com.app.shared.authorization.AppMenus] is set to [FIELD].
[EL Config]: metadata: 2015-12-22 13:19:45.758--ServerSession(190890163)--Thread(Thread[Test worker,5,main])--The access type for the persistent class [class com.app.shared.location.Taluka] is set to [FIELD].
[EL Config]: metadata: 2015-12-22 13:19:45.759--ServerSession(190890163)--Thread(Thread[Test worker,5,main])--The access type for the persistent class [class com.spartan.healthmeter.entity.HealthSchedulerConfiguration] is set to [FIELD].
[EL Config]: metadata: 2015-12-22 13:19:45.76--ServerSession(190890163)--Thread(Thread[Test worker,5,main])--The access type for the persistent class [class com.athena.cloud.shared.entity.CloudDriveFileVersion] is set to [FIELD].
[EL Config]: metadata: 2015-12-22 13:19:45.76--ServerSession(190890163)--Thread(Thread[Test worker,5,main])--The target entity (reference) class for the one to one mapping element [field file] is being defaulted to: class com.athena.cloud.shared.entity.CloudDriveFiles.
[EL Config]: metadata: 2015-12-22 13:19:45.761--ServerSession(190890163)--Thread(Thread[Test worker,5,main])--The access type for the persistent class [class com.app.shared.authentication.UserData] is set to [FIELD].
[EL Config]: metadata: 2015-12-22 13:19:45.761--ServerSession(190890163)--Thread(Thread[Test worker,5,main])--The target entity (reference) class for the one to one mapping element [field user] is being defaulted to: class com.app.shared.authentication.User.
[EL Config]: metadata: 2015-12-22 13:19:45.762--ServerSession(190890163)--Thread(Thread[Test worker,5,main])--The access type for the persistent class [class com.spartan.healthmeter.entity.ZenSchedulerHealth] is set to [FIELD].
[EL Config]: metadata: 2015-12-22 13:19:45.764--ServerSession(190890163)--Thread(Thread[Test worker,5,main])--The access type for the persistent class [class com.athena.shared.entity.report.ArtChartType] is set to [FIELD].
[EL Config]: metadata: 2015-12-22 13:19:45.764--ServerSession(190890163)--Thread(Thread[Test worker,5,main])--The target entity (reference) class for the one to one mapping element [field chart_id] is being defaulted to: class com.athena.shared.entity.report.ArtChartCategory.
[EL Config]: metadata: 2015-12-22 13:19:45.765--ServerSession(190890163)--Thread(Thread[Test worker,5,main])--The access type for the persistent class [class com.app.shared.customers.AppCustomerCategory] is set to [FIELD].
[EL Config]: metadata: 2015-12-22 13:19:45.765--ServerSession(190890163)--Thread(Thread[Test worker,5,main])--The access type for the persistent class [class com.app.shared.contacts.Gender] is set to [FIELD].
[EL Config]: metadata: 2015-12-22 13:19:45.765--ServerSession(190890163)--Thread(Thread[Test worker,5,main])--The access type for the persistent class [class com.app.shared.contacts.CoreContacts] is set to [FIELD].
[EL Config]: metadata: 2015-12-22 13:19:45.766--ServerSession(190890163)--Thread(Thread[Test worker,5,main])--The target entity (reference) class for the one to one mapping element [field timezone] is being defaulted to: class com.app.shared.location.Timezone.
[EL Config]: metadata: 2015-12-22 13:19:45.767--ServerSession(190890163)--Thread(Thread[Test worker,5,main])--The target entity (reference) class for the one to many mapping element [field address] is being defaulted to: class com.app.shared.location.Address.
[EL Config]: metadata: 2015-12-22 13:19:45.767--ServerSession(190890163)--Thread(Thread[Test worker,5,main])--The target entity (reference) class for the one to many mapping element [field communicationData] is being defaulted to: class com.app.shared.contacts.CommunicationData.
[EL Config]: metadata: 2015-12-22 13:19:45.767--ServerSession(190890163)--Thread(Thread[Test worker,5,main])--The access type for the persistent class [class com.app.shared.authentication.LoginSession] is set to [FIELD].
[EL Config]: metadata: 2015-12-22 13:19:45.768--ServerSession(190890163)--Thread(Thread[Test worker,5,main])--The access type for the persistent class [class com.athena.shared.entity.query.ArtDatabaseFunction] is set to [FIELD].
[EL Config]: metadata: 2015-12-22 13:19:45.769--ServerSession(190890163)--Thread(Thread[Test worker,5,main])--The access type for the persistent class [class com.athena.shared.entity.report.ArtChartPropLanguage] is set to [FIELD].
[EL Config]: metadata: 2015-12-22 13:19:45.769--ServerSession(190890163)--Thread(Thread[Test worker,5,main])--The target entity (reference) class for the one to one mapping element [field property_id] is being defaulted to: class com.athena.shared.entity.report.ArtChartProperties.
[EL Config]: metadata: 2015-12-22 13:19:45.769--ServerSession(190890163)--Thread(Thread[Test worker,5,main])--The target entity (reference) class for the one to one mapping element [field lang_id] is being defaulted to: class com.athena.shared.entity.report.ArtLangMaster.
[EL Config]: metadata: 2015-12-22 13:19:45.77--ServerSession(190890163)--Thread(Thread[Test worker,5,main])--The access type for the persistent class [class com.spartan.shield.server.entity.AppSessionConfig] is set to [FIELD].
[EL Config]: metadata: 2015-12-22 13:19:45.77--ServerSession(190890163)--Thread(Thread[Test worker,5,main])--The access type for the persistent class [class com.athena.shared.entity.report.ArtLangMaster] is set to [FIELD].
[EL Config]: metadata: 2015-12-22 13:19:45.771--ServerSession(190890163)--Thread(Thread[Test worker,5,main])--The access type for the persistent class [class com.app.shared.location.Region] is set to [FIELD].
[EL Config]: metadata: 2015-12-22 13:19:45.772--ServerSession(190890163)--Thread(Thread[Test worker,5,main])--The access type for the persistent class [class com.athena.shared.entity.query.ArtDatabaseOperators] is set to [FIELD].
[EL Config]: metadata: 2015-12-22 13:19:45.773--ServerSession(190890163)--Thread(Thread[Test worker,5,main])--The access type for the persistent class [class com.app.shared.authentication.PasswordAlgo] is set to [FIELD].
[EL Config]: metadata: 2015-12-22 13:19:45.773--ServerSession(190890163)--Thread(Thread[Test worker,5,main])--The access type for the persistent class [class com.athena.cloud.shared.entity.CloudDriveFileShared] is set to [FIELD].
[EL Config]: metadata: 2015-12-22 13:19:45.773--ServerSession(190890163)--Thread(Thread[Test worker,5,main])--The target entity (reference) class for the one to one mapping element [field file] is being defaulted to: class com.athena.cloud.shared.entity.CloudDriveFiles.
[EL Config]: metadata: 2015-12-22 13:19:45.774--ServerSession(190890163)--Thread(Thread[Test worker,5,main])--The access type for the persistent class [class com.app.shared.authentication.UserAccessDomain] is set to [FIELD].
[EL Config]: metadata: 2015-12-22 13:19:45.774--ServerSession(190890163)--Thread(Thread[Test worker,5,main])--The access type for the persistent class [class com.app.shared.location.AddressType] is set to [FIELD].
[EL Config]: metadata: 2015-12-22 13:19:45.775--ServerSession(190890163)--Thread(Thread[Test worker,5,main])--The access type for the persistent class [class com.app.shared.contacts.CommunicationType] is set to [FIELD].
[EL Config]: metadata: 2015-12-22 13:19:45.775--ServerSession(190890163)--Thread(Thread[Test worker,5,main])--The access type for the persistent class [class com.app.shared.location.City] is set to [FIELD].
[EL Config]: metadata: 2015-12-22 13:19:45.776--ServerSession(190890163)--Thread(Thread[Test worker,5,main])--The access type for the persistent class [class com.spartan.healthmeter.entity.ZenHealthStatus] is set to [FIELD].
[EL Config]: metadata: 2015-12-22 13:19:45.776--ServerSession(190890163)--Thread(Thread[Test worker,5,main])--The access type for the persistent class [class com.athena.cloud.shared.entity.CloudDriveDefaultTags] is set to [FIELD].
[EL Config]: metadata: 2015-12-22 13:19:45.777--ServerSession(190890163)--Thread(Thread[Test worker,5,main])--The access type for the persistent class [class com.app.shared.location.AddressExtended] is set to [FIELD].
[EL Config]: metadata: 2015-12-22 13:19:45.777--ServerSession(190890163)--Thread(Thread[Test worker,5,main])--The access type for the persistent class [class com.app.shared.authentication.PassRecovery] is set to [FIELD].
[EL Config]: metadata: 2015-12-22 13:19:45.778--ServerSession(190890163)--Thread(Thread[Test worker,5,main])--The target entity (reference) class for the one to one mapping element [field user] is being defaulted to: class com.app.shared.authentication.User.
[EL Config]: metadata: 2015-12-22 13:19:45.778--ServerSession(190890163)--Thread(Thread[Test worker,5,main])--The access type for the persistent class [class com.app.shared.authorization.RoleMenuBridge] is set to [FIELD].
[EL Config]: metadata: 2015-12-22 13:19:45.778--ServerSession(190890163)--Thread(Thread[Test worker,5,main])--The target entity (reference) class for the one to one mapping element [field roles] is being defaulted to: class com.app.shared.authorization.Roles.
[EL Config]: metadata: 2015-12-22 13:19:45.778--ServerSession(190890163)--Thread(Thread[Test worker,5,main])--The access type for the persistent class [class com.athena.shared.entity.query.ArtTableFieldDetails] is set to [FIELD].
[EL Config]: metadata: 2015-12-22 13:19:45.779--ServerSession(190890163)--Thread(Thread[Test worker,5,main])--The target entity (reference) class for the many to one mapping element [field awsTableDetail] is being defaulted to: class com.athena.shared.entity.query.ArtTableDetails.
[EL Config]: metadata: 2015-12-22 13:19:45.78--ServerSession(190890163)--Thread(Thread[Test worker,5,main])--The access type for the persistent class [class com.app.shared.location.State] is set to [FIELD].
[EL Config]: metadata: 2015-12-22 13:19:45.781--ServerSession(190890163)--Thread(Thread[Test worker,5,main])--The access type for the persistent class [class com.app.shared.location.Language] is set to [FIELD].
[EL Config]: metadata: 2015-12-22 13:19:45.781--ServerSession(190890163)--Thread(Thread[Test worker,5,main])--The access type for the persistent class [class com.app.shared.customers.AppCustomerType] is set to [FIELD].
[EL Config]: metadata: 2015-12-22 13:19:45.782--ServerSession(190890163)--Thread(Thread[Test worker,5,main])--The access type for the persistent class [class com.spartan.healthmeter.entity.ZenRequestDetails] is set to [FIELD].
[EL Config]: metadata: 2015-12-22 13:19:45.782--ServerSession(190890163)--Thread(Thread[Test worker,5,main])--The access type for the persistent class [class com.athena.ruleengine.shared.ArtRules] is set to [FIELD].
[EL Config]: metadata: 2015-12-22 13:19:45.783--ServerSession(190890163)--Thread(Thread[Test worker,5,main])--The access type for the persistent class [class com.athena.shared.entity.report.ArtReportBuilderDetails] is set to [FIELD].
[EL Config]: metadata: 2015-12-22 13:19:45.784--ServerSession(190890163)--Thread(Thread[Test worker,5,main])--The access type for the persistent class [class com.app.shared.authentication.UserAccessLevel] is set to [FIELD].
[EL Config]: metadata: 2015-12-22 13:19:45.784--ServerSession(190890163)--Thread(Thread[Test worker,5,main])--The access type for the persistent class [class com.athena.cloud.shared.entity.CloudDriveTagFiles] is set to [FIELD].
[EL Config]: metadata: 2015-12-22 13:19:45.784--ServerSession(190890163)--Thread(Thread[Test worker,5,main])--The target entity (reference) class for the one to one mapping element [field tags] is being defaulted to: class com.athena.cloud.shared.entity.CloudDriveTags.
[EL Config]: metadata: 2015-12-22 13:19:45.785--ServerSession(190890163)--Thread(Thread[Test worker,5,main])--The target entity (reference) class for the one to one mapping element [field file] is being defaulted to: class com.athena.cloud.shared.entity.CloudDriveFiles.
[EL Config]: metadata: 2015-12-22 13:19:45.785--ServerSession(190890163)--Thread(Thread[Test worker,5,main])--The access type for the persistent class [class com.app.shared.location.Address] is set to [FIELD].
[EL Config]: metadata: 2015-12-22 13:19:45.786--ServerSession(190890163)--Thread(Thread[Test worker,5,main])--The access type for the persistent class [class com.app.shared.location.Timezone] is set to [FIELD].
[EL Config]: metadata: 2015-12-22 13:19:45.786--ServerSession(190890163)--Thread(Thread[Test worker,5,main])--The access type for the persistent class [class com.spartan.healthmeter.entity.ZenHealthCounter] is set to [FIELD].
[EL Config]: metadata: 2015-12-22 13:19:45.786--ServerSession(190890163)--Thread(Thread[Test worker,5,main])--The access type for the persistent class [class com.spartan.healthmeter.entity.ZenHealth] is set to [FIELD].
[EL Config]: metadata: 2015-12-22 13:19:45.788--ServerSession(190890163)--Thread(Thread[Test worker,5,main])--The access type for the persistent class [class com.athena.shared.entity.report.ArtChartDataFieldJson] is set to [FIELD].
[EL Config]: metadata: 2015-12-22 13:19:45.788--ServerSession(190890163)--Thread(Thread[Test worker,5,main])--The access type for the persistent class [class com.athena.shared.entity.report.ArtReportUI] is set to [FIELD].
[EL Config]: metadata: 2015-12-22 13:19:45.789--ServerSession(190890163)--Thread(Thread[Test worker,5,main])--The access type for the persistent class [class com.app.shared.authentication.PasswordPolicy] is set to [FIELD].
[EL Config]: metadata: 2015-12-22 13:19:45.79--ServerSession(190890163)--Thread(Thread[Test worker,5,main])--The access type for the persistent class [class com.app.shared.authentication.User] is set to [FIELD].
[EL Config]: metadata: 2015-12-22 13:19:45.79--ServerSession(190890163)--Thread(Thread[Test worker,5,main])--The target entity (reference) class for the one to one mapping element [field userData] is being defaulted to: class com.app.shared.authentication.UserData.
[EL Config]: metadata: 2015-12-22 13:19:45.791--ServerSession(190890163)--Thread(Thread[Test worker,5,main])--The target entity (reference) class for the one to many mapping element [field passRecovery] is being defaulted to: class com.app.shared.authentication.PassRecovery.
[EL Config]: metadata: 2015-12-22 13:19:45.791--ServerSession(190890163)--Thread(Thread[Test worker,5,main])--The access type for the persistent class [class com.app.shared.customers.AppCustomer] is set to [FIELD].
[EL Config]: metadata: 2015-12-22 13:19:45.791--ServerSession(190890163)--Thread(Thread[Test worker,5,main])--The access type for the persistent class [class com.app.shared.contacts.Title] is set to [FIELD].
[EL Config]: metadata: 2015-12-22 13:19:45.792--ServerSession(190890163)--Thread(Thread[Test worker,5,main])--The access type for the persistent class [class com.athena.shared.entity.report.ArtService] is set to [FIELD].
[EL Config]: metadata: 2015-12-22 13:19:45.792--ServerSession(190890163)--Thread(Thread[Test worker,5,main])--The target entity (reference) class for the one to many mapping element [field artServiceOperations] is being defaulted to: class com.athena.shared.entity.report.ArtServiceOperation.
[EL Config]: metadata: 2015-12-22 13:19:45.793--ServerSession(190890163)--Thread(Thread[Test worker,5,main])--The access type for the persistent class [class com.athena.server.bean.EntityBean] is set to [FIELD].
[EL Config]: metadata: 2015-12-22 13:19:45.793--ServerSession(190890163)--Thread(Thread[Test worker,5,main])--The access type for the persistent class [class com.athena.shared.entity.query.ArtDatabaseAggregate] is set to [FIELD].
[EL Config]: metadata: 2015-12-22 13:19:45.793--ServerSession(190890163)--Thread(Thread[Test worker,5,main])--The access type for the persistent class [class com.app.shared.authorization.Roles] is set to [FIELD].
[EL Config]: metadata: 2015-12-22 13:19:45.794--ServerSession(190890163)--Thread(Thread[Test worker,5,main])--The target entity (reference) class for the one to many mapping element [field roleMenuBridge] is being defaulted to: class com.app.shared.authorization.RoleMenuBridge.
[EL Config]: metadata: 2015-12-22 13:19:45.794--ServerSession(190890163)--Thread(Thread[Test worker,5,main])--The access type for the persistent class [class com.app.shared.SystemInfo] is set to [FIELD].
[EL Config]: metadata: 2015-12-22 13:19:45.795--ServerSession(190890163)--Thread(Thread[Test worker,5,main])--The access type for the persistent class [class com.app.shared.EntityAudit] is set to [FIELD].
[EL Config]: metadata: 2015-12-22 13:19:45.802--ServerSession(190890163)--Thread(Thread[Test worker,5,main])--The alias name for the entity class [class com.athena.shared.entity.query.ArtQuery] is being defaulted to: ArtQuery.
[EL Config]: metadata: 2015-12-22 13:19:45.87--ServerSession(190890163)--Thread(Thread[Test worker,5,main])--The alias name for the entity class [class com.app.shared.location.Currency] is being defaulted to: Currency.
[EL Config]: metadata: 2015-12-22 13:19:45.998--ServerSession(190890163)--Thread(Thread[Test worker,5,main])--The alias name for the entity class [class com.athena.shared.entity.query.ArtMenu] is being defaulted to: ArtMenu.
[EL Config]: metadata: 2015-12-22 13:19:46.0--ServerSession(190890163)--Thread(Thread[Test worker,5,main])--The alias name for the entity class [class com.athena.shared.entity.query.ArtTableEntityRelation] is being defaulted to: ArtTableEntityRelation.
[EL Config]: metadata: 2015-12-22 13:19:46.003--ServerSession(190890163)--Thread(Thread[Test worker,5,main])--The alias name for the entity class [class com.athena.cloud.shared.entity.CloudDriveTags] is being defaulted to: CloudDriveTags.
[EL Config]: metadata: 2015-12-22 13:19:46.004--ServerSession(190890163)--Thread(Thread[Test worker,5,main])--The alias name for the entity class [class com.athena.shared.entity.report.ArtServiceOperation] is being defaulted to: ArtServiceOperation.
[EL Config]: metadata: 2015-12-22 13:19:46.006--ServerSession(190890163)--Thread(Thread[Test worker,5,main])--The alias name for the entity class [class com.athena.shared.entity.report.ArtChartTemplate] is being defaulted to: ArtChartTemplate.
[EL Config]: metadata: 2015-12-22 13:19:46.008--ServerSession(190890163)--Thread(Thread[Test worker,5,main])--The alias name for the entity class [class com.athena.cloud.shared.entity.CloudDriveFiles] is being defaulted to: CloudDriveFiles.
[EL Config]: metadata: 2015-12-22 13:19:46.01--ServerSession(190890163)--Thread(Thread[Test worker,5,main])--The alias name for the entity class [class com.athena.shared.entity.query.ArtTableDetails] is being defaulted to: ArtTableDetails.
[EL Config]: metadata: 2015-12-22 13:19:46.012--ServerSession(190890163)--Thread(Thread[Test worker,5,main])--The alias name for the entity class [class com.app.shared.contacts.CommunicationGroup] is being defaulted to: CommunicationGroup.
[EL Config]: metadata: 2015-12-22 13:19:46.013--ServerSession(190890163)--Thread(Thread[Test worker,5,main])--The alias name for the entity class [class com.app.shared.location.District] is being defaulted to: District.
[EL Config]: metadata: 2015-12-22 13:19:46.014--ServerSession(190890163)--Thread(Thread[Test worker,5,main])--The alias name for the entity class [class com.app.shared.authorization.UserRoleBridge] is being defaulted to: UserRoleBridge.
[EL Config]: metadata: 2015-12-22 13:19:46.015--ServerSession(190890163)--Thread(Thread[Test worker,5,main])--The alias name for the entity class [class com.athena.shared.entity.report.ArtChartCategory] is being defaulted to: ArtChartCategory.
[EL Config]: metadata: 2015-12-22 13:19:46.016--ServerSession(190890163)--Thread(Thread[Test worker,5,main])--The alias name for the entity class [class com.app.shared.contacts.ContactType] is being defaulted to: ContactType.
[EL Config]: metadata: 2015-12-22 13:19:46.017--ServerSession(190890163)--Thread(Thread[Test worker,5,main])--The alias name for the entity class [class com.athena.shared.entity.report.ArtChartJson] is being defaulted to: ArtChartJson.
[EL Config]: metadata: 2015-12-22 13:19:46.018--ServerSession(190890163)--Thread(Thread[Test worker,5,main])--The alias name for the entity class [class com.app.shared.contacts.CommunicationData] is being defaulted to: CommunicationData.
[EL Config]: metadata: 2015-12-22 13:19:46.019--ServerSession(190890163)--Thread(Thread[Test worker,5,main])--The alias name for the entity class [class com.spartan.healthmeter.entity.ZenHealthGauge] is being defaulted to: ZenHealthGauge.
[EL Config]: metadata: 2015-12-22 13:19:46.02--ServerSession(190890163)--Thread(Thread[Test worker,5,main])--The alias name for the entity class [class com.app.shared.authentication.Question] is being defaulted to: Question.
[EL Config]: metadata: 2015-12-22 13:19:46.021--ServerSession(190890163)--Thread(Thread[Test worker,5,main])--The alias name for the entity class [class com.athena.cloud.shared.entity.CloudDriveContentType] is being defaulted to: CloudDriveContentType.
[EL Config]: metadata: 2015-12-22 13:19:46.022--ServerSession(190890163)--Thread(Thread[Test worker,5,main])--The alias name for the entity class [class com.app.shared.authentication.SessionData] is being defaulted to: SessionData.
[EL Config]: metadata: 2015-12-22 13:19:46.024--ServerSession(190890163)--Thread(Thread[Test worker,5,main])--The alias name for the entity class [class com.athena.shared.entity.report.ArtChartProperties] is being defaulted to: ArtChartProperties.
[EL Config]: metadata: 2015-12-22 13:19:46.025--ServerSession(190890163)--Thread(Thread[Test worker,5,main])--The alias name for the entity class [class com.app.shared.location.Country] is being defaulted to: Country.
[EL Config]: metadata: 2015-12-22 13:19:46.027--ServerSession(190890163)--Thread(Thread[Test worker,5,main])--The alias name for the entity class [class com.athena.shared.entity.query.ArtUserLastStatus] is being defaulted to: ArtUserLastStatus.
[EL Config]: metadata: 2015-12-22 13:19:46.028--ServerSession(190890163)--Thread(Thread[Test worker,5,main])--The alias name for the entity class [class com.app.shared.location.Village] is being defaulted to: Village.
[EL Config]: metadata: 2015-12-22 13:19:46.03--ServerSession(190890163)--Thread(Thread[Test worker,5,main])--The alias name for the entity class [class com.athena.shared.entity.query.ArtMasterForm] is being defaulted to: ArtMasterForm.
[EL Config]: metadata: 2015-12-22 13:19:46.032--ServerSession(190890163)--Thread(Thread[Test worker,5,main])--The alias name for the entity class [class com.app.shared.authentication.Login] is being defaulted to: Login.
[EL Config]: metadata: 2015-12-22 13:19:46.033--ServerSession(190890163)--Thread(Thread[Test worker,5,main])--The alias name for the entity class [class com.athena.deo.model.AwsExternalIntegration] is being defaulted to: AwsExternalIntegration.
[EL Config]: metadata: 2015-12-22 13:19:46.035--ServerSession(190890163)--Thread(Thread[Test worker,5,main])--The alias name for the entity class [class com.athena.shared.entity.query.ArtUserMenu] is being defaulted to: ArtUserMenu.
[EL Warning]: metadata: 2015-12-22 13:19:46.036--ServerSession(190890163)--Thread(Thread[Test worker,5,main])--You have specified multiple ids for the entity class [com.athena.shared.entity.query.ArtUserMenu] without specifying an @IdClass. By doing this you may lose the ability to find by identity, distributed cache support etc. Note: You may however use entity manager find operations by passing a list of primary key fields. Else, you will have to use JPQL queries to read your entities. For other id options see @PrimaryKey.
[EL Config]: metadata: 2015-12-22 13:19:46.037--ServerSession(190890163)--Thread(Thread[Test worker,5,main])--The alias name for the entity class [class com.athena.cloud.shared.entity.CloudDriveTagShared] is being defaulted to: CloudDriveTagShared.
[EL Config]: metadata: 2015-12-22 13:19:46.037--ServerSession(190890163)--Thread(Thread[Test worker,5,main])--The column name for element [id] is being defaulted to: ID.
[EL Config]: metadata: 2015-12-22 13:19:46.038--ServerSession(190890163)--Thread(Thread[Test worker,5,main])--The alias name for the entity class [class com.app.shared.authorization.AppMenus] is being defaulted to: AppMenus.
[EL Config]: metadata: 2015-12-22 13:19:46.04--ServerSession(190890163)--Thread(Thread[Test worker,5,main])--The alias name for the entity class [class com.app.shared.location.Taluka] is being defaulted to: Taluka.
[EL Config]: metadata: 2015-12-22 13:19:46.041--ServerSession(190890163)--Thread(Thread[Test worker,5,main])--The alias name for the entity class [class com.spartan.healthmeter.entity.HealthSchedulerConfiguration] is being defaulted to: HealthSchedulerConfiguration.
[EL Config]: metadata: 2015-12-22 13:19:46.042--ServerSession(190890163)--Thread(Thread[Test worker,5,main])--The alias name for the entity class [class com.athena.cloud.shared.entity.CloudDriveFileVersion] is being defaulted to: CloudDriveFileVersion.
[EL Config]: metadata: 2015-12-22 13:19:46.043--ServerSession(190890163)--Thread(Thread[Test worker,5,main])--The alias name for the entity class [class com.app.shared.authentication.UserData] is being defaulted to: UserData.
[EL Config]: metadata: 2015-12-22 13:19:46.044--ServerSession(190890163)--Thread(Thread[Test worker,5,main])--The alias name for the entity class [class com.spartan.healthmeter.entity.ZenSchedulerHealth] is being defaulted to: ZenSchedulerHealth.
[EL Config]: metadata: 2015-12-22 13:19:46.047--ServerSession(190890163)--Thread(Thread[Test worker,5,main])--The alias name for the entity class [class com.athena.shared.entity.report.ArtChartType] is being defaulted to: ArtChartType.
[EL Config]: metadata: 2015-12-22 13:19:46.048--ServerSession(190890163)--Thread(Thread[Test worker,5,main])--The alias name for the entity class [class com.app.shared.customers.AppCustomerCategory] is being defaulted to: AppCustomerCategory.
[EL Config]: metadata: 2015-12-22 13:19:46.049--ServerSession(190890163)--Thread(Thread[Test worker,5,main])--The alias name for the entity class [class com.app.shared.contacts.Gender] is being defaulted to: Gender.
[EL Config]: metadata: 2015-12-22 13:19:46.05--ServerSession(190890163)--Thread(Thread[Test worker,5,main])--The alias name for the entity class [class com.app.shared.contacts.CoreContacts] is being defaulted to: CoreContacts.
[EL Config]: metadata: 2015-12-22 13:19:46.051--ServerSession(190890163)--Thread(Thread[Test worker,5,main])--The alias name for the entity class [class com.app.shared.authentication.LoginSession] is being defaulted to: LoginSession.
[EL Config]: metadata: 2015-12-22 13:19:46.053--ServerSession(190890163)--Thread(Thread[Test worker,5,main])--The alias name for the entity class [class com.athena.shared.entity.query.ArtDatabaseFunction] is being defaulted to: ArtDatabaseFunction.
[EL Config]: metadata: 2015-12-22 13:19:46.054--ServerSession(190890163)--Thread(Thread[Test worker,5,main])--The alias name for the entity class [class com.athena.shared.entity.report.ArtChartPropLanguage] is being defaulted to: ArtChartPropLanguage.
[EL Config]: metadata: 2015-12-22 13:19:46.055--ServerSession(190890163)--Thread(Thread[Test worker,5,main])--The alias name for the entity class [class com.spartan.shield.server.entity.AppSessionConfig] is being defaulted to: AppSessionConfig.
[EL Config]: metadata: 2015-12-22 13:19:46.056--ServerSession(190890163)--Thread(Thread[Test worker,5,main])--The alias name for the entity class [class com.athena.shared.entity.report.ArtLangMaster] is being defaulted to: ArtLangMaster.
[EL Config]: metadata: 2015-12-22 13:19:46.057--ServerSession(190890163)--Thread(Thread[Test worker,5,main])--The alias name for the entity class [class com.app.shared.location.Region] is being defaulted to: Region.
[EL Config]: metadata: 2015-12-22 13:19:46.058--ServerSession(190890163)--Thread(Thread[Test worker,5,main])--The alias name for the entity class [class com.athena.shared.entity.query.ArtDatabaseOperators] is being defaulted to: ArtDatabaseOperators.
[EL Config]: metadata: 2015-12-22 13:19:46.059--ServerSession(190890163)--Thread(Thread[Test worker,5,main])--The alias name for the entity class [class com.app.shared.authentication.PasswordAlgo] is being defaulted to: PasswordAlgo.
[EL Config]: metadata: 2015-12-22 13:19:46.06--ServerSession(190890163)--Thread(Thread[Test worker,5,main])--The alias name for the entity class [class com.athena.cloud.shared.entity.CloudDriveFileShared] is being defaulted to: CloudDriveFileShared.
[EL Config]: metadata: 2015-12-22 13:19:46.06--ServerSession(190890163)--Thread(Thread[Test worker,5,main])--The column name for element [id] is being defaulted to: ID.
[EL Config]: metadata: 2015-12-22 13:19:46.061--ServerSession(190890163)--Thread(Thread[Test worker,5,main])--The alias name for the entity class [class com.app.shared.authentication.UserAccessDomain] is being defaulted to: UserAccessDomain.
[EL Config]: metadata: 2015-12-22 13:19:46.062--ServerSession(190890163)--Thread(Thread[Test worker,5,main])--The alias name for the entity class [class com.app.shared.location.AddressType] is being defaulted to: AddressType.
[EL Config]: metadata: 2015-12-22 13:19:46.063--ServerSession(190890163)--Thread(Thread[Test worker,5,main])--The alias name for the entity class [class com.app.shared.contacts.CommunicationType] is being defaulted to: CommunicationType.
[EL Config]: metadata: 2015-12-22 13:19:46.064--ServerSession(190890163)--Thread(Thread[Test worker,5,main])--The alias name for the entity class [class com.app.shared.location.City] is being defaulted to: City.
[EL Config]: metadata: 2015-12-22 13:19:46.065--ServerSession(190890163)--Thread(Thread[Test worker,5,main])--The alias name for the entity class [class com.spartan.healthmeter.entity.ZenHealthStatus] is being defaulted to: ZenHealthStatus.
[EL Config]: metadata: 2015-12-22 13:19:46.066--ServerSession(190890163)--Thread(Thread[Test worker,5,main])--The alias name for the entity class [class com.athena.cloud.shared.entity.CloudDriveDefaultTags] is being defaulted to: CloudDriveDefaultTags.
[EL Config]: metadata: 2015-12-22 13:19:46.066--ServerSession(190890163)--Thread(Thread[Test worker,5,main])--The alias name for the entity class [class com.app.shared.location.AddressExtended] is being defaulted to: AddressExtended.
[EL Config]: metadata: 2015-12-22 13:19:46.067--ServerSession(190890163)--Thread(Thread[Test worker,5,main])--The alias name for the entity class [class com.app.shared.authentication.PassRecovery] is being defaulted to: PassRecovery.
[EL Config]: metadata: 2015-12-22 13:19:46.068--ServerSession(190890163)--Thread(Thread[Test worker,5,main])--The alias name for the entity class [class com.app.shared.authorization.RoleMenuBridge] is being defaulted to: RoleMenuBridge.
[EL Config]: metadata: 2015-12-22 13:19:46.069--ServerSession(190890163)--Thread(Thread[Test worker,5,main])--The alias name for the entity class [class com.athena.shared.entity.query.ArtTableFieldDetails] is being defaulted to: ArtTableFieldDetails.
[EL Config]: metadata: 2015-12-22 13:19:46.071--ServerSession(190890163)--Thread(Thread[Test worker,5,main])--The alias name for the entity class [class com.app.shared.location.State] is being defaulted to: State.
[EL Config]: metadata: 2015-12-22 13:19:46.073--ServerSession(190890163)--Thread(Thread[Test worker,5,main])--The alias name for the entity class [class com.app.shared.location.Language] is being defaulted to: Language.
[EL Config]: metadata: 2015-12-22 13:19:46.074--ServerSession(190890163)--Thread(Thread[Test worker,5,main])--The alias name for the entity class [class com.app.shared.customers.AppCustomerType] is being defaulted to: AppCustomerType.
[EL Config]: metadata: 2015-12-22 13:19:46.074--ServerSession(190890163)--Thread(Thread[Test worker,5,main])--The alias name for the entity class [class com.spartan.healthmeter.entity.ZenRequestDetails] is being defaulted to: ZenRequestDetails.
[EL Config]: metadata: 2015-12-22 13:19:46.076--ServerSession(190890163)--Thread(Thread[Test worker,5,main])--The alias name for the entity class [class com.athena.ruleengine.shared.ArtRules] is being defaulted to: ArtRules.
[EL Config]: metadata: 2015-12-22 13:19:46.077--ServerSession(190890163)--Thread(Thread[Test worker,5,main])--The alias name for the entity class [class com.athena.shared.entity.report.ArtReportBuilderDetails] is being defaulted to: ArtReportBuilderDetails.
[EL Config]: metadata: 2015-12-22 13:19:46.078--ServerSession(190890163)--Thread(Thread[Test worker,5,main])--The alias name for the entity class [class com.app.shared.authentication.UserAccessLevel] is being defaulted to: UserAccessLevel.
[EL Config]: metadata: 2015-12-22 13:19:46.079--ServerSession(190890163)--Thread(Thread[Test worker,5,main])--The alias name for the entity class [class com.athena.cloud.shared.entity.CloudDriveTagFiles] is being defaulted to: CloudDriveTagFiles.
[EL Config]: metadata: 2015-12-22 13:19:46.08--ServerSession(190890163)--Thread(Thread[Test worker,5,main])--The column name for element [id] is being defaulted to: ID.
[EL Config]: metadata: 2015-12-22 13:19:46.08--ServerSession(190890163)--Thread(Thread[Test worker,5,main])--The alias name for the entity class [class com.app.shared.location.Address] is being defaulted to: Address.
[EL Config]: metadata: 2015-12-22 13:19:46.081--ServerSession(190890163)--Thread(Thread[Test worker,5,main])--The alias name for the entity class [class com.app.shared.location.Timezone] is being defaulted to: Timezone.
[EL Config]: metadata: 2015-12-22 13:19:46.082--ServerSession(190890163)--Thread(Thread[Test worker,5,main])--The alias name for the entity class [class com.spartan.healthmeter.entity.ZenHealthCounter] is being defaulted to: ZenHealthCounter.
[EL Config]: metadata: 2015-12-22 13:19:46.083--ServerSession(190890163)--Thread(Thread[Test worker,5,main])--The alias name for the entity class [class com.spartan.healthmeter.entity.ZenHealth] is being defaulted to: ZenHealth.
[EL Config]: metadata: 2015-12-22 13:19:46.085--ServerSession(190890163)--Thread(Thread[Test worker,5,main])--The alias name for the entity class [class com.athena.shared.entity.report.ArtChartDataFieldJson] is being defaulted to: ArtChartDataFieldJson.
[EL Config]: metadata: 2015-12-22 13:19:46.086--ServerSession(190890163)--Thread(Thread[Test worker,5,main])--The alias name for the entity class [class com.athena.shared.entity.report.ArtReportUI] is being defaulted to: ArtReportUI.
[EL Config]: metadata: 2015-12-22 13:19:46.087--ServerSession(190890163)--Thread(Thread[Test worker,5,main])--The alias name for the entity class [class com.app.shared.authentication.PasswordPolicy] is being defaulted to: PasswordPolicy.
[EL Config]: metadata: 2015-12-22 13:19:46.088--ServerSession(190890163)--Thread(Thread[Test worker,5,main])--The alias name for the entity class [class com.app.shared.authentication.User] is being defaulted to: User.
[EL Config]: metadata: 2015-12-22 13:19:46.089--ServerSession(190890163)--Thread(Thread[Test worker,5,main])--The alias name for the entity class [class com.app.shared.customers.AppCustomer] is being defaulted to: AppCustomer.
[EL Config]: metadata: 2015-12-22 13:19:46.09--ServerSession(190890163)--Thread(Thread[Test worker,5,main])--The alias name for the entity class [class com.app.shared.contacts.Title] is being defaulted to: Title.
[EL Config]: metadata: 2015-12-22 13:19:46.091--ServerSession(190890163)--Thread(Thread[Test worker,5,main])--The alias name for the entity class [class com.athena.shared.entity.report.ArtService] is being defaulted to: ArtService.
[EL Config]: metadata: 2015-12-22 13:19:46.092--ServerSession(190890163)--Thread(Thread[Test worker,5,main])--The alias name for the entity class [class com.athena.server.bean.EntityBean] is being defaulted to: EntityBean.
[EL Config]: metadata: 2015-12-22 13:19:46.092--ServerSession(190890163)--Thread(Thread[Test worker,5,main])--The table name for entity [class com.athena.server.bean.EntityBean] is being defaulted to: ENTITYBEAN.
[EL Config]: metadata: 2015-12-22 13:19:46.093--ServerSession(190890163)--Thread(Thread[Test worker,5,main])--The column name for element [id] is being defaulted to: ID.
[EL Config]: metadata: 2015-12-22 13:19:46.093--ServerSession(190890163)--Thread(Thread[Test worker,5,main])--The column name for element [name] is being defaulted to: NAME.
[EL Config]: metadata: 2015-12-22 13:19:46.093--ServerSession(190890163)--Thread(Thread[Test worker,5,main])--The column name for element [fields] is being defaulted to: FIELDS.
[EL Config]: metadata: 2015-12-22 13:19:46.096--ServerSession(190890163)--Thread(Thread[Test worker,5,main])--The alias name for the entity class [class com.athena.shared.entity.query.ArtDatabaseAggregate] is being defaulted to: ArtDatabaseAggregate.
[EL Config]: metadata: 2015-12-22 13:19:46.097--ServerSession(190890163)--Thread(Thread[Test worker,5,main])--The alias name for the entity class [class com.app.shared.authorization.Roles] is being defaulted to: Roles.
[EL Config]: metadata: 2015-12-22 13:19:46.117--ServerSession(190890163)--Thread(Thread[Test worker,5,main])--The primary key column name for the mapping element [field artservice] is being defaulted to: service_id.
[EL Config]: metadata: 2015-12-22 13:19:46.171--ServerSession(190890163)--Thread(Thread[Test worker,5,main])--The primary key column name for the mapping element [field contentType] is being defaulted to: file_mime_type.
[EL Config]: metadata: 2015-12-22 13:19:46.172--ServerSession(190890163)--Thread(Thread[Test worker,5,main])--The primary key column name for the mapping element [field file] is being defaulted to: file_id.
[EL Config]: metadata: 2015-12-22 13:19:46.176--ServerSession(190890163)--Thread(Thread[Test worker,5,main])--The primary key column name for the mapping element [field file] is being defaulted to: file_id.
[EL Config]: metadata: 2015-12-22 13:19:46.177--ServerSession(190890163)--Thread(Thread[Test worker,5,main])--The primary key column name for the mapping element [field file] is being defaulted to: file_id.
[EL Info]: 2015-12-22 13:20:08.876--ServerSession(190890163)--Thread(Thread[Test worker,5,main])--EclipseLink, version: Eclipse Persistence Services - 2.5.1.v20130918-f2b9fc5
[EL Fine]: connection: 2015-12-22 13:20:16.256--Thread(Thread[Test worker,5,main])--Detected database platform: org.eclipse.persistence.platform.database.MySQLPlatform
[EL Config]: connection: 2015-12-22 13:20:16.276--ServerSession(190890163)--Connection(1213909887)--Thread(Thread[Test worker,5,main])--connecting(DatabaseLogin(
	platform=>MySQLPlatform
	user name=> "test1"
	datasource URL=> "jdbc:mysql://localhost:3306/test1"
))
[EL Config]: connection: 2015-12-22 13:20:16.288--ServerSession(190890163)--Connection(2070836758)--Thread(Thread[Test worker,5,main])--Connected: jdbc:mysql://localhost:3306/test1
	User: test1@172.17.0.4
	Database: MySQL  Version: 5.7.7-rc
	Driver: MySQL Connector Java  Version: mysql-connector-java-5.1.31 ( Revision: alexander.soklakov@oracle.com-20140520065950-groqzzbvxprqdmnz )
[EL Config]: connection: 2015-12-22 13:20:16.288--ServerSession(190890163)--Connection(285924777)--Thread(Thread[Test worker,5,main])--connecting(DatabaseLogin(
	platform=>MySQLPlatform
	user name=> "test1"
	datasource URL=> "jdbc:mysql://localhost:3306/test1"
))
[EL Config]: connection: 2015-12-22 13:20:16.319--ServerSession(190890163)--Connection(1181074219)--Thread(Thread[Test worker,5,main])--Connected: jdbc:mysql://localhost:3306/test1
	User: test1@172.17.0.4
	Database: MySQL  Version: 5.7.7-rc
	Driver: MySQL Connector Java  Version: mysql-connector-java-5.1.31 ( Revision: alexander.soklakov@oracle.com-20140520065950-groqzzbvxprqdmnz )
[EL Config]: connection: 2015-12-22 13:20:16.32--ServerSession(190890163)--Connection(1123049512)--Thread(Thread[Test worker,5,main])--connecting(DatabaseLogin(
	platform=>MySQLPlatform
	user name=> "test1"
	datasource URL=> "jdbc:mysql://localhost:3306/test1"
))
[EL Config]: connection: 2015-12-22 13:20:16.33--ServerSession(190890163)--Connection(2115968865)--Thread(Thread[Test worker,5,main])--Connected: jdbc:mysql://localhost:3306/test1
	User: test1@172.17.0.4
	Database: MySQL  Version: 5.7.7-rc
	Driver: MySQL Connector Java  Version: mysql-connector-java-5.1.31 ( Revision: alexander.soklakov@oracle.com-20140520065950-groqzzbvxprqdmnz )
[EL Config]: connection: 2015-12-22 13:20:16.33--ServerSession(190890163)--Connection(759519735)--Thread(Thread[Test worker,5,main])--connecting(DatabaseLogin(
	platform=>MySQLPlatform
	user name=> "test1"
	datasource URL=> "jdbc:mysql://localhost:3306/test1"
))
[EL Config]: connection: 2015-12-22 13:20:16.34--ServerSession(190890163)--Connection(945758682)--Thread(Thread[Test worker,5,main])--Connected: jdbc:mysql://localhost:3306/test1
	User: test1@172.17.0.4
	Database: MySQL  Version: 5.7.7-rc
	Driver: MySQL Connector Java  Version: mysql-connector-java-5.1.31 ( Revision: alexander.soklakov@oracle.com-20140520065950-groqzzbvxprqdmnz )
[EL Config]: connection: 2015-12-22 13:20:16.341--ServerSession(190890163)--Connection(1839696927)--Thread(Thread[Test worker,5,main])--connecting(DatabaseLogin(
	platform=>MySQLPlatform
	user name=> "test1"
	datasource URL=> "jdbc:mysql://localhost:3306/test1"
))
[EL Config]: connection: 2015-12-22 13:20:16.351--ServerSession(190890163)--Connection(1893403043)--Thread(Thread[Test worker,5,main])--Connected: jdbc:mysql://localhost:3306/test1
	User: test1@172.17.0.4
	Database: MySQL  Version: 5.7.7-rc
	Driver: MySQL Connector Java  Version: mysql-connector-java-5.1.31 ( Revision: alexander.soklakov@oracle.com-20140520065950-groqzzbvxprqdmnz )
[EL Config]: connection: 2015-12-22 13:20:16.351--ServerSession(190890163)--Connection(1012262455)--Thread(Thread[Test worker,5,main])--connecting(DatabaseLogin(
	platform=>MySQLPlatform
	user name=> "test1"
	datasource URL=> "jdbc:mysql://localhost:3306/test1"
))
[EL Config]: connection: 2015-12-22 13:20:16.36--ServerSession(190890163)--Connection(1511417314)--Thread(Thread[Test worker,5,main])--Connected: jdbc:mysql://localhost:3306/test1
	User: test1@172.17.0.4
	Database: MySQL  Version: 5.7.7-rc
	Driver: MySQL Connector Java  Version: mysql-connector-java-5.1.31 ( Revision: alexander.soklakov@oracle.com-20140520065950-groqzzbvxprqdmnz )
[EL Config]: connection: 2015-12-22 13:20:16.361--ServerSession(190890163)--Connection(1954219682)--Thread(Thread[Test worker,5,main])--connecting(DatabaseLogin(
	platform=>MySQLPlatform
	user name=> "test1"
	datasource URL=> "jdbc:mysql://localhost:3306/test1"
))
[EL Config]: connection: 2015-12-22 13:20:16.37--ServerSession(190890163)--Connection(2015381450)--Thread(Thread[Test worker,5,main])--Connected: jdbc:mysql://localhost:3306/test1
	User: test1@172.17.0.4
	Database: MySQL  Version: 5.7.7-rc
	Driver: MySQL Connector Java  Version: mysql-connector-java-5.1.31 ( Revision: alexander.soklakov@oracle.com-20140520065950-groqzzbvxprqdmnz )
[EL Config]: connection: 2015-12-22 13:20:16.37--ServerSession(190890163)--Connection(256466019)--Thread(Thread[Test worker,5,main])--connecting(DatabaseLogin(
	platform=>MySQLPlatform
	user name=> "test1"
	datasource URL=> "jdbc:mysql://localhost:3306/test1"
))
[EL Config]: connection: 2015-12-22 13:20:16.382--ServerSession(190890163)--Connection(929273946)--Thread(Thread[Test worker,5,main])--Connected: jdbc:mysql://localhost:3306/test1
	User: test1@172.17.0.4
	Database: MySQL  Version: 5.7.7-rc
	Driver: MySQL Connector Java  Version: mysql-connector-java-5.1.31 ( Revision: alexander.soklakov@oracle.com-20140520065950-groqzzbvxprqdmnz )
[EL Config]: connection: 2015-12-22 13:20:16.382--ServerSession(190890163)--Connection(1806129438)--Thread(Thread[Test worker,5,main])--connecting(DatabaseLogin(
	platform=>MySQLPlatform
	user name=> "test1"
	datasource URL=> "jdbc:mysql://localhost:3306/test1"
))
[EL Config]: connection: 2015-12-22 13:20:16.392--ServerSession(190890163)--Connection(197683963)--Thread(Thread[Test worker,5,main])--Connected: jdbc:mysql://localhost:3306/test1
	User: test1@172.17.0.4
	Database: MySQL  Version: 5.7.7-rc
	Driver: MySQL Connector Java  Version: mysql-connector-java-5.1.31 ( Revision: alexander.soklakov@oracle.com-20140520065950-groqzzbvxprqdmnz )
[EL Config]: connection: 2015-12-22 13:20:16.392--ServerSession(190890163)--Connection(317164232)--Thread(Thread[Test worker,5,main])--connecting(DatabaseLogin(
	platform=>MySQLPlatform
	user name=> "test1"
	datasource URL=> "jdbc:mysql://localhost:3306/test1"
))
[EL Config]: connection: 2015-12-22 13:20:16.4--ServerSession(190890163)--Connection(1478740743)--Thread(Thread[Test worker,5,main])--Connected: jdbc:mysql://localhost:3306/test1
	User: test1@172.17.0.4
	Database: MySQL  Version: 5.7.7-rc
	Driver: MySQL Connector Java  Version: mysql-connector-java-5.1.31 ( Revision: alexander.soklakov@oracle.com-20140520065950-groqzzbvxprqdmnz )
[EL Config]: connection: 2015-12-22 13:20:16.4--ServerSession(190890163)--Connection(367420870)--Thread(Thread[Test worker,5,main])--connecting(DatabaseLogin(
	platform=>MySQLPlatform
	user name=> "test1"
	datasource URL=> "jdbc:mysql://localhost:3306/test1"
))
[EL Config]: connection: 2015-12-22 13:20:16.407--ServerSession(190890163)--Connection(1884364853)--Thread(Thread[Test worker,5,main])--Connected: jdbc:mysql://localhost:3306/test1
	User: test1@172.17.0.4
	Database: MySQL  Version: 5.7.7-rc
	Driver: MySQL Connector Java  Version: mysql-connector-java-5.1.31 ( Revision: alexander.soklakov@oracle.com-20140520065950-groqzzbvxprqdmnz )
[EL Config]: connection: 2015-12-22 13:20:16.408--ServerSession(190890163)--Connection(1578742062)--Thread(Thread[Test worker,5,main])--connecting(DatabaseLogin(
	platform=>MySQLPlatform
	user name=> "test1"
	datasource URL=> "jdbc:mysql://localhost:3306/test1"
))
[EL Config]: connection: 2015-12-22 13:20:16.415--ServerSession(190890163)--Connection(2057571898)--Thread(Thread[Test worker,5,main])--Connected: jdbc:mysql://localhost:3306/test1
	User: test1@172.17.0.4
	Database: MySQL  Version: 5.7.7-rc
	Driver: MySQL Connector Java  Version: mysql-connector-java-5.1.31 ( Revision: alexander.soklakov@oracle.com-20140520065950-groqzzbvxprqdmnz )
[EL Config]: connection: 2015-12-22 13:20:16.415--ServerSession(190890163)--Connection(681722045)--Thread(Thread[Test worker,5,main])--connecting(DatabaseLogin(
	platform=>MySQLPlatform
	user name=> "test1"
	datasource URL=> "jdbc:mysql://localhost:3306/test1"
))
[EL Config]: connection: 2015-12-22 13:20:16.422--ServerSession(190890163)--Connection(1283388860)--Thread(Thread[Test worker,5,main])--Connected: jdbc:mysql://localhost:3306/test1
	User: test1@172.17.0.4
	Database: MySQL  Version: 5.7.7-rc
	Driver: MySQL Connector Java  Version: mysql-connector-java-5.1.31 ( Revision: alexander.soklakov@oracle.com-20140520065950-groqzzbvxprqdmnz )
[EL Config]: connection: 2015-12-22 13:20:16.422--ServerSession(190890163)--Connection(590819552)--Thread(Thread[Test worker,5,main])--connecting(DatabaseLogin(
	platform=>MySQLPlatform
	user name=> "test1"
	datasource URL=> "jdbc:mysql://localhost:3306/test1"
))
[EL Config]: connection: 2015-12-22 13:20:16.43--ServerSession(190890163)--Connection(1134162260)--Thread(Thread[Test worker,5,main])--Connected: jdbc:mysql://localhost:3306/test1
	User: test1@172.17.0.4
	Database: MySQL  Version: 5.7.7-rc
	Driver: MySQL Connector Java  Version: mysql-connector-java-5.1.31 ( Revision: alexander.soklakov@oracle.com-20140520065950-groqzzbvxprqdmnz )
[EL Config]: connection: 2015-12-22 13:20:16.43--ServerSession(190890163)--Connection(800253048)--Thread(Thread[Test worker,5,main])--connecting(DatabaseLogin(
	platform=>MySQLPlatform
	user name=> "test1"
	datasource URL=> "jdbc:mysql://localhost:3306/test1"
))
[EL Config]: connection: 2015-12-22 13:20:16.44--ServerSession(190890163)--Connection(571647011)--Thread(Thread[Test worker,5,main])--Connected: jdbc:mysql://localhost:3306/test1
	User: test1@172.17.0.4
	Database: MySQL  Version: 5.7.7-rc
	Driver: MySQL Connector Java  Version: mysql-connector-java-5.1.31 ( Revision: alexander.soklakov@oracle.com-20140520065950-groqzzbvxprqdmnz )
[EL Config]: connection: 2015-12-22 13:20:16.44--ServerSession(190890163)--Connection(571647011)--Thread(Thread[Test worker,5,main])--disconnect
[EL Warning]: metadata: 2015-12-22 13:20:16.462--ServerSession(190890163)--Thread(Thread[Test worker,5,main])--Reverting the lazy setting on the OneToOne or ManyToOne attribute [timezone] for the entity class [class com.app.shared.contacts.CoreContacts] since weaving was not enabled or did not occur.
[EL Warning]: metadata: 2015-12-22 13:20:16.465--ServerSession(190890163)--Thread(Thread[Test worker,5,main])--Reverting the lazy setting on the OneToOne or ManyToOne attribute [userData] for the entity class [class com.app.shared.authentication.User] since weaving was not enabled or did not occur.
[EL Warning]: metadata: 2015-12-22 13:20:16.465--ServerSession(190890163)--Thread(Thread[Test worker,5,main])--Reverting the lazy setting on the OneToOne or ManyToOne attribute [user] for the entity class [class com.app.shared.authentication.UserData] since weaving was not enabled or did not occur.
[EL Warning]: metadata: 2015-12-22 13:20:16.467--ServerSession(190890163)--Thread(Thread[Test worker,5,main])--Reverting the lazy setting on the OneToOne or ManyToOne attribute [user] for the entity class [class com.app.shared.authentication.PassRecovery] since weaving was not enabled or did not occur.
[EL Warning]: metadata: 2015-12-22 13:20:16.468--ServerSession(190890163)--Thread(Thread[Test worker,5,main])--Reverting the lazy setting on the OneToOne or ManyToOne attribute [coreContacts] for the entity class [class com.app.shared.authentication.Login] since weaving was not enabled or did not occur.
[EL Warning]: metadata: 2015-12-22 13:20:16.468--ServerSession(190890163)--Thread(Thread[Test worker,5,main])--Reverting the lazy setting on the OneToOne or ManyToOne attribute [user] for the entity class [class com.app.shared.authentication.Login] since weaving was not enabled or did not occur.
[EL Info]: connection: 2015-12-22 13:20:16.805--ServerSession(190890163)--Thread(Thread[Test worker,5,main])--file:/home/applifire/workspace/test1/build/resources/main_test1 login successful
inside Disk Health
NOTIFYING OBSERVERS
notification received to observer
Queue manager defined with queue type 0 and size 100000
Event Queue Consumer started
came in healthmeter bean
came in initHealth
 Queue manager qType : 0
 Queue manager qSize : 10000
Queue manager defined with queue type 0 and size 10000
Event Queue Consumer started
+++++++++++++++++++++++++++++++++++++++++++++++++++++++++++++++
creating bean JpqlToSqlConfig
In around applifire repository aspect
Creating dir for logger @ logs/backups
Creating backup dir for logger @ logs/backups
[EL Fine]: sql: 2015-12-22 13:20:25.361--ClientSession(436702494)--Connection(1134162260)--Thread(Thread[Test worker,5,main])--SELECT query_id, active_status, app_creator_id, created_by, created_date, hidden_name, jpql_query, name, project_id, project_version_id, query_json, query_type, sql_query, updated_by, updated_date, user_access, version_id FROM art_query WHERE ((active_status = ?) AND (sql_query IS NULL))
	bind => [true]
Tue Dec 22 18:50:25 IST 2015|DH-TP|***.***.***| appLogger : Starting all DataHandler Worker Threads.....
[EL Config]: connection: 2015-12-22 13:20:25.915--ServerSession(190890163)--Connection(1134162260)--Thread(Thread[Test worker,5,main])--disconnect
[EL Fine]: sql: 2015-12-22 13:20:25.926--ClientSession(33983196)--Connection(1283388860)--Thread(Thread[Test worker,5,main])--SELECT query_id, active_status, app_creator_id, created_by, created_date, hidden_name, jpql_query, name, project_id, project_version_id, query_json, query_type, sql_query, updated_by, updated_date, user_access, version_id FROM art_query WHERE (query_id = ?)
	bind => [097FCBB5-6454-4965-9727-F8D49C95BC3D]
[EL Fine]: sql: 2015-12-22 13:20:25.979--ClientSession(33983196)--Connection(1283388860)--Thread(Thread[Test worker,5,main])--UPDATE art_query SET sql_query = ? WHERE (query_id = ?)
	bind => [SELECT dataId, appSessionId, booleanValue, customerId, dataType, dateTimeValue, jsonValue, numberValue, sessionKey, stringValue, userId, versionId, createdBy, createdDate, updatedBy, updatedDate, activeStatus, txnAccessCode FROM ast_SessionData_T WHERE (((activeStatus = ?) AND (appSessionId = ?)) AND (sessionKey = ?)), 097FCBB5-6454-4965-9727-F8D49C95BC3D]
[EL Config]: connection: 2015-12-22 13:20:26.512--ServerSession(190890163)--Connection(1283388860)--Thread(Thread[Test worker,5,main])--disconnect
[EL Fine]: sql: 2015-12-22 13:20:26.517--ClientSession(441120695)--Connection(2057571898)--Thread(Thread[Test worker,5,main])--SELECT query_id, active_status, app_creator_id, created_by, created_date, hidden_name, jpql_query, name, project_id, project_version_id, query_json, query_type, sql_query, updated_by, updated_date, user_access, version_id FROM art_query WHERE (query_id = ?)
	bind => [216193FC-B986-4FA2-BACD-8B88BF218C66]
[EL Fine]: sql: 2015-12-22 13:20:26.52--ClientSession(441120695)--Connection(2057571898)--Thread(Thread[Test worker,5,main])--UPDATE art_query SET sql_query = ? WHERE (query_id = ?)
	bind => [DELETE FROM ast_SessionData_T WHERE ((activeStatus = ?) AND (appSessionId = ?)), 216193FC-B986-4FA2-BACD-8B88BF218C66]
[EL Config]: connection: 2015-12-22 13:20:26.564--ServerSession(190890163)--Connection(2057571898)--Thread(Thread[Test worker,5,main])--disconnect
[EL Fine]: sql: 2015-12-22 13:20:26.582--ClientSession(1240828661)--Connection(1884364853)--Thread(Thread[Test worker,5,main])--SELECT query_id, active_status, app_creator_id, created_by, created_date, hidden_name, jpql_query, name, project_id, project_version_id, query_json, query_type, sql_query, updated_by, updated_date, user_access, version_id FROM art_query WHERE (query_id = ?)
	bind => [4C7831BA-E09A-4E75-B894-3E5FF5E38BBD]
[EL Fine]: sql: 2015-12-22 13:20:26.585--ClientSession(1240828661)--Connection(1884364853)--Thread(Thread[Test worker,5,main])--UPDATE art_query SET sql_query = ? WHERE (query_id = ?)
	bind => [SELECT t0.requestId, t0.class_Name, t0.ip_Address, t0.request_Time, t0.request_Method, t0.http_Status, t0.return_Status, t0.execution_Time, t0.method_Name, t0.end_Time, t0.typeofClass, t0.callSeqId, t0.exceptionId, t0.appSessionId, t0.userId, t1.firstName FROM ast_User_T t3, ast_Login_T t2, ast_CoreContacts_T t1, zen_request_details t0 WHERE ((t3.userId = t0.userId) AND ((t3.userId = t2.userId) AND (t1.contactId = t2.contactId))) ORDER BY t0.request_Time DESC, 4C7831BA-E09A-4E75-B894-3E5FF5E38BBD]
[EL Config]: connection: 2015-12-22 13:20:26.614--ServerSession(190890163)--Connection(1884364853)--Thread(Thread[Test worker,5,main])--disconnect
[EL Fine]: sql: 2015-12-22 13:20:26.618--ClientSession(1444742669)--Connection(1478740743)--Thread(Thread[Test worker,5,main])--SELECT query_id, active_status, app_creator_id, created_by, created_date, hidden_name, jpql_query, name, project_id, project_version_id, query_json, query_type, sql_query, updated_by, updated_date, user_access, version_id FROM art_query WHERE (query_id = ?)
	bind => [6E669C4A-249D-43BB-8D43-822D96E7F1B2]
[EL Fine]: sql: 2015-12-22 13:20:26.62--ClientSession(1444742669)--Connection(1478740743)--Thread(Thread[Test worker,5,main])--UPDATE art_query SET sql_query = ? WHERE (query_id = ?)
	bind => [SELECT t0.loginPk, t0.failedLoginAttempts, t0.loginId, t0.serverAuthImage, t0.serverAuthText, t0.versionId, t0.createdBy, t0.createdDate, t0.updatedBy, t0.updatedDate, t0.activeStatus, t0.txnAccessCode, t0.contactId, t0.userId FROM ast_Login_T t0, ast_User_T t1 WHERE (((t0.activeStatus = ?) AND t1.userId NOT IN (SELECT t2.userId FROM ast_UserRoleBridge_T t2)) AND (t1.userId = t0.userId)), 6E669C4A-249D-43BB-8D43-822D96E7F1B2]
[EL Config]: connection: 2015-12-22 13:20:26.698--ServerSession(190890163)--Connection(1478740743)--Thread(Thread[Test worker,5,main])--disconnect
[EL Fine]: sql: 2015-12-22 13:20:26.719--ClientSession(179517084)--Connection(197683963)--Thread(Thread[Test worker,5,main])--SELECT query_id, active_status, app_creator_id, created_by, created_date, hidden_name, jpql_query, name, project_id, project_version_id, query_json, query_type, sql_query, updated_by, updated_date, user_access, version_id FROM art_query WHERE (query_id = ?)
	bind => [7501B97B-95CB-4B0C-947B-CD170452502B]
[EL Fine]: sql: 2015-12-22 13:20:26.722--ClientSession(179517084)--Connection(197683963)--Thread(Thread[Test worker,5,main])--UPDATE art_query SET sql_query = ? WHERE (query_id = ?)
	bind => [SELECT monitor_id, scheduled_DateTime, server_Instance_Id, server_Ip_Address, total_Class, class_Loaded, class_Unloaded, gc_Collection_Time, gc_Memory_Name, ((non_Heap_Committed / ?) / ?), ((non_Heap_used / ?) / ?), ((heap_Committed / ?) / ?), ((max_Memory / ?) / ?), (? - ((used_Memory / total_Memory) * ?)), ((heap_Used / ?) / ?), ((total_Memory / ?) / ?), start_Time, up_Time, cpu_Time, ((free_Physical_Size / ?) / ?), ((total_Physical_Memory_Size / ?) / ?), cpu_Load_Time, ROUND(((free_Swap_Size / ?) / ?)), system_Load_Average, ROUND(((total_Swap_Size / ?) / ?)), available_Processor, total_Thread, thread_Peak_Count, thread_Started_Count, thread_Daemon_Count, thread_Cpu_Time, thread_User_Time, cpu_Load, ((used_Memory / total_Memory) * ?), ((used_Swap_Size / ?) / ?), ((used_Physical_Memory / ?) / ?) FROM zen_health ORDER BY scheduled_DateTime DESC, 7501B97B-95CB-4B0C-947B-CD170452502B]
[EL Config]: connection: 2015-12-22 13:20:27.281--ServerSession(190890163)--Connection(197683963)--Thread(Thread[Test worker,5,main])--disconnect
[EL Fine]: sql: 2015-12-22 13:20:27.29--ClientSession(2003834026)--Connection(929273946)--Thread(Thread[Test worker,5,main])--SELECT query_id, active_status, app_creator_id, created_by, created_date, hidden_name, jpql_query, name, project_id, project_version_id, query_json, query_type, sql_query, updated_by, updated_date, user_access, version_id FROM art_query WHERE (query_id = ?)
	bind => [7E6AC294-C2CC-449D-876F-EF2DAD3A3196]
[EL Fine]: sql: 2015-12-22 13:20:27.295--ClientSession(2003834026)--Connection(929273946)--Thread(Thread[Test worker,5,main])--UPDATE art_query SET sql_query = ? WHERE (query_id = ?)
	bind => [SELECT healthId, scheduled_DateTime, server_Instance_Id, server_Ip_Address, ROUND((? - ((used_Space / total_Space) * ?))), ROUND(((used_Space / total_Space) * ?)), ROUND(((total_Space / ?) / ?)), status FROM zen_health_status ORDER BY scheduled_DateTime DESC, 7E6AC294-C2CC-449D-876F-EF2DAD3A3196]
[EL Config]: connection: 2015-12-22 13:20:27.416--ServerSession(190890163)--Connection(929273946)--Thread(Thread[Test worker,5,main])--disconnect
[EL Fine]: sql: 2015-12-22 13:20:27.424--ClientSession(2139581678)--Connection(2015381450)--Thread(Thread[Test worker,5,main])--SELECT query_id, active_status, app_creator_id, created_by, created_date, hidden_name, jpql_query, name, project_id, project_version_id, query_json, query_type, sql_query, updated_by, updated_date, user_access, version_id FROM art_query WHERE (query_id = ?)
	bind => [AE81BD1A-A539-41FF-B0CA-3F8984BB9808]
[EL Fine]: sql: 2015-12-22 13:20:27.428--ClientSession(2139581678)--Connection(2015381450)--Thread(Thread[Test worker,5,main])--UPDATE art_query SET sql_query = ? WHERE (query_id = ?)
	bind => [SELECT t0.loginPk, t0.failedLoginAttempts, t0.loginId, t0.serverAuthImage, t0.serverAuthText, t0.versionId, t0.createdBy, t0.createdDate, t0.updatedBy, t0.updatedDate, t0.activeStatus, t0.txnAccessCode, t0.contactId, t0.userId FROM ast_Login_T t0, ast_User_T t1 WHERE (((t0.activeStatus = ?) AND t1.userId IN (SELECT t2.userId FROM ast_UserRoleBridge_T t2)) AND (t1.userId = t0.userId)), AE81BD1A-A539-41FF-B0CA-3F8984BB9808]
[EL Config]: connection: 2015-12-22 13:20:27.491--ServerSession(190890163)--Connection(2015381450)--Thread(Thread[Test worker,5,main])--disconnect
[EL Fine]: sql: 2015-12-22 13:20:27.495--ClientSession(1527371314)--Connection(1511417314)--Thread(Thread[Test worker,5,main])--SELECT query_id, active_status, app_creator_id, created_by, created_date, hidden_name, jpql_query, name, project_id, project_version_id, query_json, query_type, sql_query, updated_by, updated_date, user_access, version_id FROM art_query WHERE (query_id = ?)
	bind => [C62C2F90-955D-4AD1-8BFE-AF8A68644BB6]
[EL Fine]: sql: 2015-12-22 13:20:27.498--ClientSession(1527371314)--Connection(1511417314)--Thread(Thread[Test worker,5,main])--UPDATE art_query SET sql_query = ? WHERE (query_id = ?)
	bind => [SELECT dataId, appSessionId, booleanValue, customerId, dataType, dateTimeValue, jsonValue, numberValue, sessionKey, stringValue, userId, versionId, createdBy, createdDate, updatedBy, updatedDate, activeStatus, txnAccessCode FROM ast_SessionData_T WHERE ((activeStatus = ?) AND (appSessionId = ?)), C62C2F90-955D-4AD1-8BFE-AF8A68644BB6]
came in myClass bean
In around repository aspect
[EL Fine]: sql: 2015-12-22 13:20:43.185--ClientSession(619439085)--Connection(1511417314)--Thread(Thread[Test worker,5,main])--INSERT INTO ast_AppMenus_M (menuId, appId, appType, menuAccessRights, menuAction, menuCommands, menuDisplay, menuHead, menuIcon, menuLabel, menuTreeId, RefObjectId, uiType, versionId, createdBy, createdDate, updatedBy, updatedDate, activeStatus, txnAccessCode) VALUES (?, ?, ?, ?, ?, ?, ?, ?, ?, ?, ?, ?, ?, ?, ?, ?, ?, ?, ?, ?)
	bind => [CC474E0F-949E-4F07-8F55-661857258D79, ivKHuxGDc07RwGujefR7Ex2qyN5VjzS9cfNwDXtDqb1zkNzIqy, 1, 11, Ei5eMhv8peSisxB0PZ5p6bXWVWXuHYmPh18KiL3mFLiC0Nwt4V, Qhox5TIH2P9HVnczKGnhMI4cv7jD5w6Tx2zThaibNIPijZdpzy, true, true, XUJScCDVIIwWOlLTJgv7n61xUpYZkLWShMEIv3aPR6tpAQNwtU, Pv31qARnIXGUiD23vI3yBaFfGlMqxXiBFTudT64v7daU4uqQGk, y1Uqh2lDi9Y518HWuWZ9cpoKpPn8Ic5UpGOXwkrgB3D5HxGDEB, WQ8mXFChkbTozuR86uIFiW9d3POXu7JoFcoiMa0cxNbLWWL3BE, hF2, 1, AAAAA, 2015-12-22 18:50:43.075, null, 2015-12-22 18:50:43.075, 1, null]
Setting logged in user info for ADD
Setting logged in user info for ADD
In around repository aspect
[EL Fine]: sql: 2015-12-22 13:20:43.572--ClientSession(742099282)--Connection(1511417314)--Thread(Thread[Test worker,5,main])--INSERT INTO ast_Roles_T (roleId, RoleDescription, roleHelp, RoleIcon, RoleName, versionId, createdBy, createdDate, updatedBy, updatedDate, activeStatus, txnAccessCode) VALUES (?, ?, ?, ?, ?, ?, ?, ?, ?, ?, ?, ?)
	bind => [3A3E6BAF-5B0B-4F65-AC2A-7F217B6B3DAB, 1h8tF1u3o6uHjXWF14F6gZNJLOVkO9Ypsa0661psS7IEk1nVcK, OV7gg3EQXWLkRYDOIXEyh6sjleA1rDjlvppI0j0ghmXY6dMrJv, IgAmgw1GpU3Tv9JKpj8KCf5EZxB2v1o6OxGijM8oGHiHPIIApV, mgARKyNlpuhsBLz6H49UJQHiEuLv2sFJ7c60IUykJLGjE8MsqN, 1, AAAAA, 2015-12-22 18:50:43.075, null, 2015-12-22 18:50:43.075, 1, null]
[EL Fine]: sql: 2015-12-22 13:20:43.574--ClientSession(742099282)--Connection(1511417314)--Thread(Thread[Test worker,5,main])--INSERT INTO ast_RoleMenuBridge_TP (roleMenuMapId, isExecute, isRead, isWrite, menuId, versionId, createdBy, createdDate, updatedBy, updatedDate, activeStatus, txnAccessCode, roleId) VALUES (?, ?, ?, ?, ?, ?, ?, ?, ?, ?, ?, ?, ?)
	bind => [FE86DDDB-0A67-4AB7-8C79-FFAF0EEFC941, true, true, true, CC474E0F-949E-4F07-8F55-661857258D79, 1, AAAAA, 2015-12-22 18:50:43.075, null, 2015-12-22 18:50:43.075, 1, null, 3A3E6BAF-5B0B-4F65-AC2A-7F217B6B3DAB]
In around repository aspect
[EL Fine]: sql: 2015-12-22 13:20:43.725--ClientSession(94493234)--Connection(1511417314)--Thread(Thread[Test worker,5,main])--SELECT roleId, RoleDescription, roleHelp, RoleIcon, RoleName, versionId, createdBy, createdDate, updatedBy, updatedDate, activeStatus, txnAccessCode FROM ast_Roles_T WHERE ((activeStatus = ?) AND (roleId = ?))
	bind => [1, 3A3E6BAF-5B0B-4F65-AC2A-7F217B6B3DAB]
[EL Fine]: sql: 2015-12-22 13:20:43.728--ClientSession(94493234)--Connection(1511417314)--Thread(Thread[Test worker,5,main])--SELECT roleMenuMapId, isExecute, isRead, isWrite, menuId, versionId, createdBy, createdDate, updatedBy, updatedDate, activeStatus, txnAccessCode, roleId FROM ast_RoleMenuBridge_TP WHERE (roleId = ?)
	bind => [3A3E6BAF-5B0B-4F65-AC2A-7F217B6B3DAB]
Setting logged in user info for UPDATE
Setting logged in user info for UPDATE
In around repository aspect
[EL Fine]: sql: 2015-12-22 13:20:43.739--ClientSession(1639142761)--Connection(1511417314)--Thread(Thread[Test worker,5,main])--SELECT roleId, RoleDescription, roleHelp, RoleIcon, RoleName, versionId, createdBy, createdDate, updatedBy, updatedDate, activeStatus, txnAccessCode FROM ast_Roles_T WHERE (roleId = ?)
	bind => [3A3E6BAF-5B0B-4F65-AC2A-7F217B6B3DAB]
[EL Fine]: sql: 2015-12-22 13:20:43.741--ClientSession(1639142761)--Connection(1511417314)--Thread(Thread[Test worker,5,main])--SELECT roleMenuMapId, isExecute, isRead, isWrite, menuId, versionId, createdBy, createdDate, updatedBy, updatedDate, activeStatus, txnAccessCode, roleId FROM ast_RoleMenuBridge_TP WHERE (roleId = ?)
	bind => [3A3E6BAF-5B0B-4F65-AC2A-7F217B6B3DAB]
[EL Fine]: sql: 2015-12-22 13:20:43.745--ClientSession(1639142761)--Connection(1511417314)--Thread(Thread[Test worker,5,main])--UPDATE ast_Roles_T SET RoleDescription = ?, roleHelp = ?, RoleIcon = ?, RoleName = ?, updatedBy = ?, versionId = ? WHERE ((roleId = ?) AND (versionId = ?))
	bind => [dg7XCGplMde45NJ9RaiFn5P8cN4L6RhRQ1Ivga2xvW9puMI6Zz, pJCMqXY7KNGv1lhiKiIBsq4QgMIKQOBPLuGk1xyRfXolB3UJRC, JUJQhuNjxDIxJI4XZaGmxtBRvvG9gJAv9Solv4OBnG10nN2KVD, gzrhqgeGWF80xSAjoAm47cpKkgFMNK4Edw6B2xcF234Y1ytAE9, AAAAA, 2, 3A3E6BAF-5B0B-4F65-AC2A-7F217B6B3DAB, 1]
[EL Fine]: sql: 2015-12-22 13:20:43.747--ClientSession(1639142761)--Connection(1511417314)--Thread(Thread[Test worker,5,main])--UPDATE ast_RoleMenuBridge_TP SET updatedBy = ?, versionId = ? WHERE ((roleMenuMapId = ?) AND (versionId = ?))
	bind => [AAAAA, 2, FE86DDDB-0A67-4AB7-8C79-FFAF0EEFC941, 1]
In around repository aspect
[EL Fine]: sql: 2015-12-22 13:20:43.987--ClientSession(1433237804)--Connection(1511417314)--Thread(Thread[Test worker,5,main])--SELECT roleId, RoleDescription, roleHelp, RoleIcon, RoleName, versionId, createdBy, createdDate, updatedBy, updatedDate, activeStatus, txnAccessCode FROM ast_Roles_T WHERE ((activeStatus = ?) AND (roleId = ?))
	bind => [1, 3A3E6BAF-5B0B-4F65-AC2A-7F217B6B3DAB]
[EL Fine]: sql: 2015-12-22 13:20:43.989--ClientSession(1433237804)--Connection(1511417314)--Thread(Thread[Test worker,5,main])--SELECT roleMenuMapId, isExecute, isRead, isWrite, menuId, versionId, createdBy, createdDate, updatedBy, updatedDate, activeStatus, txnAccessCode, roleId FROM ast_RoleMenuBridge_TP WHERE (roleId = ?)
	bind => [3A3E6BAF-5B0B-4F65-AC2A-7F217B6B3DAB]
In around repository aspect
[EL Fine]: sql: 2015-12-22 13:20:44.003--ClientSession(111683264)--Connection(1511417314)--Thread(Thread[Test worker,5,main])--SELECT roleId, RoleDescription, roleHelp, RoleIcon, RoleName, versionId, createdBy, createdDate, updatedBy, updatedDate, activeStatus, txnAccessCode FROM ast_Roles_T WHERE (roleId = ?)
	bind => [3A3E6BAF-5B0B-4F65-AC2A-7F217B6B3DAB]
[EL Fine]: sql: 2015-12-22 13:20:44.005--ClientSession(111683264)--Connection(1511417314)--Thread(Thread[Test worker,5,main])--SELECT roleMenuMapId, isExecute, isRead, isWrite, menuId, versionId, createdBy, createdDate, updatedBy, updatedDate, activeStatus, txnAccessCode, roleId FROM ast_RoleMenuBridge_TP WHERE (roleId = ?)
	bind => [3A3E6BAF-5B0B-4F65-AC2A-7F217B6B3DAB]
[EL Fine]: sql: 2015-12-22 13:20:44.011--ClientSession(111683264)--Connection(1511417314)--Thread(Thread[Test worker,5,main])--DELETE FROM ast_RoleMenuBridge_TP WHERE ((roleMenuMapId = ?) AND (versionId = ?))
	bind => [FE86DDDB-0A67-4AB7-8C79-FFAF0EEFC941, 2]
[EL Fine]: sql: 2015-12-22 13:20:44.013--ClientSession(111683264)--Connection(1511417314)--Thread(Thread[Test worker,5,main])--DELETE FROM ast_Roles_T WHERE ((roleId = ?) AND (versionId = ?))
	bind => [3A3E6BAF-5B0B-4F65-AC2A-7F217B6B3DAB, 2]
In around repository aspect
[EL Fine]: sql: 2015-12-22 13:20:44.508--ClientSession(587710102)--Connection(1511417314)--Thread(Thread[Test worker,5,main])--SELECT menuId, appId, appType, menuAccessRights, menuAction, menuCommands, menuDisplay, menuHead, menuIcon, menuLabel, menuTreeId, RefObjectId, uiType, versionId, createdBy, createdDate, updatedBy, updatedDate, activeStatus, txnAccessCode FROM ast_AppMenus_M WHERE (menuId = ?)
	bind => [CC474E0F-949E-4F07-8F55-661857258D79]
[EL Fine]: sql: 2015-12-22 13:20:44.511--ClientSession(587710102)--Connection(1511417314)--Thread(Thread[Test worker,5,main])--DELETE FROM ast_AppMenus_M WHERE ((menuId = ?) AND (versionId = ?))
	bind => [CC474E0F-949E-4F07-8F55-661857258D79, 1]
]]></system-out>
  <system-err><![CDATA[log4j:WARN No appenders could be found for logger (org.springframework.test.context.junit4.SpringJUnit4ClassRunner).
log4j:WARN Please initialize the log4j system properly.
log4j:WARN See http://logging.apache.org/log4j/1.2/faq.html#noconfig for more info.
Final Query : SELECT dataId, appSessionId, booleanValue, customerId, dataType, dateTimeValue, jsonValue, numberValue, sessionKey, stringValue, userId, versionId, createdBy, createdDate, updatedBy, updatedDate, activeStatus, txnAccessCode FROM ast_SessionData_T WHERE (((activeStatus = ?) AND (appSessionId = ?)) AND (sessionKey = ?))
Final Query : DELETE FROM ast_SessionData_T WHERE ((activeStatus = ?) AND (appSessionId = ?))
Final Query : SELECT t0.requestId, t0.class_Name, t0.ip_Address, t0.request_Time, t0.request_Method, t0.http_Status, t0.return_Status, t0.execution_Time, t0.method_Name, t0.end_Time, t0.typeofClass, t0.callSeqId, t0.exceptionId, t0.appSessionId, t0.userId, t1.firstName FROM ast_User_T t3, ast_Login_T t2, ast_CoreContacts_T t1, zen_request_details t0 WHERE ((t3.userId = t0.userId) AND ((t3.userId = t2.userId) AND (t1.contactId = t2.contactId))) ORDER BY t0.request_Time DESC
Final Query : SELECT t0.loginPk, t0.failedLoginAttempts, t0.loginId, t0.serverAuthImage, t0.serverAuthText, t0.versionId, t0.createdBy, t0.createdDate, t0.updatedBy, t0.updatedDate, t0.activeStatus, t0.txnAccessCode, t0.contactId, t0.userId FROM ast_Login_T t0, ast_User_T t1 WHERE (((t0.activeStatus = ?) AND t1.userId NOT IN (SELECT t2.userId FROM ast_UserRoleBridge_T t2)) AND (t1.userId = t0.userId))
Final Query : SELECT monitor_id, scheduled_DateTime, server_Instance_Id, server_Ip_Address, total_Class, class_Loaded, class_Unloaded, gc_Collection_Time, gc_Memory_Name, ((non_Heap_Committed / ?) / ?), ((non_Heap_used / ?) / ?), ((heap_Committed / ?) / ?), ((max_Memory / ?) / ?), (? - ((used_Memory / total_Memory) * ?)), ((heap_Used / ?) / ?), ((total_Memory / ?) / ?), start_Time, up_Time, cpu_Time, ((free_Physical_Size / ?) / ?), ((total_Physical_Memory_Size / ?) / ?), cpu_Load_Time, ROUND(((free_Swap_Size / ?) / ?)), system_Load_Average, ROUND(((total_Swap_Size / ?) / ?)), available_Processor, total_Thread, thread_Peak_Count, thread_Started_Count, thread_Daemon_Count, thread_Cpu_Time, thread_User_Time, cpu_Load, ((used_Memory / total_Memory) * ?), ((used_Swap_Size / ?) / ?), ((used_Physical_Memory / ?) / ?) FROM zen_health ORDER BY scheduled_DateTime DESC
Final Query : SELECT healthId, scheduled_DateTime, server_Instance_Id, server_Ip_Address, ROUND((? - ((used_Space / total_Space) * ?))), ROUND(((used_Space / total_Space) * ?)), ROUND(((total_Space / ?) / ?)), status FROM zen_health_status ORDER BY scheduled_DateTime DESC
Final Query : SELECT t0.loginPk, t0.failedLoginAttempts, t0.loginId, t0.serverAuthImage, t0.serverAuthText, t0.versionId, t0.createdBy, t0.createdDate, t0.updatedBy, t0.updatedDate, t0.activeStatus, t0.txnAccessCode, t0.contactId, t0.userId FROM ast_Login_T t0, ast_User_T t1 WHERE (((t0.activeStatus = ?) AND t1.userId IN (SELECT t2.userId FROM ast_UserRoleBridge_T t2)) AND (t1.userId = t0.userId))
Final Query : SELECT dataId, appSessionId, booleanValue, customerId, dataType, dateTimeValue, jsonValue, numberValue, sessionKey, stringValue, userId, versionId, createdBy, createdDate, updatedBy, updatedDate, activeStatus, txnAccessCode FROM ast_SessionData_T WHERE ((activeStatus = ?) AND (appSessionId = ?))
]]></system-err>
</testsuite>
