<?xml version="1.0" encoding="UTF-8"?>
<testsuite name="com.app.server.service.UserAccessDomainTestCase" tests="4" skipped="0" failures="0" errors="0" timestamp="2015-12-22T13:20:59" hostname="0b9ad812dce1" time="0.222">
  <properties/>
  <testcase name="test1Save" classname="com.app.server.service.UserAccessDomainTestCase" time="0.122"/>
  <testcase name="test2Update" classname="com.app.server.service.UserAccessDomainTestCase" time="0.049"/>
  <testcase name="test3FindById" classname="com.app.server.service.UserAccessDomainTestCase" time="0.008"/>
  <testcase name="test4Delete" classname="com.app.server.service.UserAccessDomainTestCase" time="0.041"/>
  <system-out><![CDATA[Setting logged in user info for ADD
In around repository aspect
[EL Fine]: sql: 2015-12-22 13:20:59.788--ClientSession(939141536)--Connection(1511417314)--Thread(Thread[Test worker,5,main])--INSERT INTO ast_UserAccessDomain_M (userAccessDomainId, domainDescription, domainHelp, domainIcon, domainName, userAccessDomain, versionId, createdBy, createdDate, updatedBy, updatedDate, activeStatus, txnAccessCode) VALUES (?, ?, ?, ?, ?, ?, ?, ?, ?, ?, ?, ?, ?)
	bind => [D14591AE-BABF-4C11-A27D-23FC8C42101B, 10wONpCDD5mdWZiCPBqmJf1yRtMxtMjIZDEMbOd5C7RTa2Ar1H, jswrTi0uQW2djg4omDgJ2flmb6vPKofSK2BXBpRK46yetpI3R7, 6fsq6EcAa3HOJFHJ634hEHkmcUDdQO2UsDnpjAhEgcE6G4vTkS, HbLPnxdeG3osz9XzIhUO2i3MtLmjkC2zsfhZS33qvNqgsiF2a9, 15603, 1, AAAAA, 2015-12-22 18:50:59.771, null, 2015-12-22 18:50:59.771, 1, null]
In around repository aspect
[EL Fine]: sql: 2015-12-22 13:20:59.879--ClientSession(907850902)--Connection(1511417314)--Thread(Thread[Test worker,5,main])--SELECT userAccessDomainId, domainDescription, domainHelp, domainIcon, domainName, userAccessDomain, versionId, createdBy, createdDate, updatedBy, updatedDate, activeStatus, txnAccessCode FROM ast_UserAccessDomain_M WHERE ((activeStatus = ?) AND (userAccessDomainId = ?))
	bind => [1, D14591AE-BABF-4C11-A27D-23FC8C42101B]
Setting logged in user info for UPDATE
In around repository aspect
[EL Fine]: sql: 2015-12-22 13:20:59.883--ClientSession(1444982682)--Connection(1511417314)--Thread(Thread[Test worker,5,main])--SELECT userAccessDomainId, domainDescription, domainHelp, domainIcon, domainName, userAccessDomain, versionId, createdBy, createdDate, updatedBy, updatedDate, activeStatus, txnAccessCode FROM ast_UserAccessDomain_M WHERE (userAccessDomainId = ?)
	bind => [D14591AE-BABF-4C11-A27D-23FC8C42101B]
[EL Fine]: sql: 2015-12-22 13:20:59.885--ClientSession(1444982682)--Connection(1511417314)--Thread(Thread[Test worker,5,main])--UPDATE ast_UserAccessDomain_M SET domainDescription = ?, domainHelp = ?, domainIcon = ?, domainName = ?, userAccessDomain = ?, updatedBy = ?, versionId = ? WHERE ((userAccessDomainId = ?) AND (versionId = ?))
	bind => [ZMlB4sdk80wcbYaQCMAXFDoSo6bSUHBiZPtRu5DETEVr0C6Gk8, p71zcaaWUPi22dqz2vLuHGOg7lXOLIFebHfGqUctu7ePOtuTAe, qzazSGEcV0d83GE3m5plWyxKXLvrlO3UCGzv5fmK8SYDysG1TD, JatTni1biNghoQQSxzY9gH4dfwODiUSqZcHaXB6Nq8nbDnRYzF, 88696, AAAAA, 2, D14591AE-BABF-4C11-A27D-23FC8C42101B, 1]
In around repository aspect
[EL Fine]: sql: 2015-12-22 13:20:59.921--ClientSession(1627619163)--Connection(1511417314)--Thread(Thread[Test worker,5,main])--SELECT userAccessDomainId, domainDescription, domainHelp, domainIcon, domainName, userAccessDomain, versionId, createdBy, createdDate, updatedBy, updatedDate, activeStatus, txnAccessCode FROM ast_UserAccessDomain_M WHERE ((activeStatus = ?) AND (userAccessDomainId = ?))
	bind => [1, D14591AE-BABF-4C11-A27D-23FC8C42101B]
In around repository aspect
[EL Fine]: sql: 2015-12-22 13:20:59.929--ClientSession(1468409774)--Connection(1511417314)--Thread(Thread[Test worker,5,main])--SELECT userAccessDomainId, domainDescription, domainHelp, domainIcon, domainName, userAccessDomain, versionId, createdBy, createdDate, updatedBy, updatedDate, activeStatus, txnAccessCode FROM ast_UserAccessDomain_M WHERE (userAccessDomainId = ?)
	bind => [D14591AE-BABF-4C11-A27D-23FC8C42101B]
[EL Fine]: sql: 2015-12-22 13:20:59.931--ClientSession(1468409774)--Connection(1511417314)--Thread(Thread[Test worker,5,main])--DELETE FROM ast_UserAccessDomain_M WHERE ((userAccessDomainId = ?) AND (versionId = ?))
	bind => [D14591AE-BABF-4C11-A27D-23FC8C42101B, 2]
]]></system-out>
  <system-err><![CDATA[]]></system-err>
</testsuite>
