<?xml version="1.0" encoding="UTF-8"?>
<testsuite name="com.app.server.service.PasswordAlgoTestCase" tests="4" skipped="0" failures="0" errors="0" timestamp="2015-12-22T13:21:03" hostname="0b9ad812dce1" time="0.641">
  <properties/>
  <testcase name="test1Save" classname="com.app.server.service.PasswordAlgoTestCase" time="0.223"/>
  <testcase name="test2Update" classname="com.app.server.service.PasswordAlgoTestCase" time="0.225"/>
  <testcase name="test3FindById" classname="com.app.server.service.PasswordAlgoTestCase" time="0.008"/>
  <testcase name="test4Delete" classname="com.app.server.service.PasswordAlgoTestCase" time="0.183"/>
  <system-out><![CDATA[Setting logged in user info for ADD
In around repository aspect
[EL Fine]: sql: 2015-12-22 13:21:03.918--ClientSession(245556283)--Connection(1511417314)--Thread(Thread[Test worker,5,main])--INSERT INTO ast_PasswordAlgo_M (algoId, algoDescription, algoHelp, algoIcon, algoName, algorithm, versionId, createdBy, createdDate, updatedBy, updatedDate, activeStatus, txnAccessCode) VALUES (?, ?, ?, ?, ?, ?, ?, ?, ?, ?, ?, ?, ?)
	bind => [FFF07903-C0B7-4027-AAA9-0BC32D4CB47C, lVPNTLbFzY0qGicWFujjcSi7oH2J7ER1HevlhyxkpDon3JMUgz, kQwm5L5ggXlNVN3bpyOzWSn3kTxshj9p5WadufBB8xTqtGaRkC, rkxrwKWPixIkcbgcrzErX3qYObdI4RgoeS96NXd5BaPdPaeOzO, Oxk5AMa2srvNyQpVJeyiVxIfCstj38QKMut6oz31yw08yGQ8G1, 4, 1, AAAAA, 2015-12-22 18:51:03.816, null, 2015-12-22 18:51:03.816, 1, null]
In around repository aspect
[EL Fine]: sql: 2015-12-22 13:21:04.027--ClientSession(2129984268)--Connection(1511417314)--Thread(Thread[Test worker,5,main])--SELECT algoId, algoDescription, algoHelp, algoIcon, algoName, algorithm, versionId, createdBy, createdDate, updatedBy, updatedDate, activeStatus, txnAccessCode FROM ast_PasswordAlgo_M WHERE ((activeStatus = ?) AND (algoId = ?))
	bind => [1, FFF07903-C0B7-4027-AAA9-0BC32D4CB47C]
Setting logged in user info for UPDATE
In around repository aspect
[EL Fine]: sql: 2015-12-22 13:21:04.031--ClientSession(1259276189)--Connection(1511417314)--Thread(Thread[Test worker,5,main])--SELECT algoId, algoDescription, algoHelp, algoIcon, algoName, algorithm, versionId, createdBy, createdDate, updatedBy, updatedDate, activeStatus, txnAccessCode FROM ast_PasswordAlgo_M WHERE (algoId = ?)
	bind => [FFF07903-C0B7-4027-AAA9-0BC32D4CB47C]
[EL Fine]: sql: 2015-12-22 13:21:04.034--ClientSession(1259276189)--Connection(1511417314)--Thread(Thread[Test worker,5,main])--UPDATE ast_PasswordAlgo_M SET algoDescription = ?, algoHelp = ?, algoIcon = ?, algoName = ?, algorithm = ?, updatedBy = ?, versionId = ? WHERE ((algoId = ?) AND (versionId = ?))
	bind => [DrAkTt4WqpdV1pfXsvCKSmXhD7R3ahPADO5RL772uhSLeDsOcd, YYP97twd8Cobo1yUNkEpUUceORdKBL8LMJw5ipfAZBbEAzyvul, 8a1hPrXflk8cwqVzBMBZnltUpFgtdPBS8neEYcExsTKRl4hZUJ, KPH0hk4MmTNTmMIUFbXeNWGknm0MWCi4uacMLLcX0ElCmsAAvc, 3, AAAAA, 2, FFF07903-C0B7-4027-AAA9-0BC32D4CB47C, 1]
In around repository aspect
[EL Fine]: sql: 2015-12-22 13:21:04.25--ClientSession(1042773007)--Connection(1511417314)--Thread(Thread[Test worker,5,main])--SELECT algoId, algoDescription, algoHelp, algoIcon, algoName, algorithm, versionId, createdBy, createdDate, updatedBy, updatedDate, activeStatus, txnAccessCode FROM ast_PasswordAlgo_M WHERE ((activeStatus = ?) AND (algoId = ?))
	bind => [1, FFF07903-C0B7-4027-AAA9-0BC32D4CB47C]
In around repository aspect
[EL Fine]: sql: 2015-12-22 13:21:04.257--ClientSession(1456825340)--Connection(1511417314)--Thread(Thread[Test worker,5,main])--SELECT algoId, algoDescription, algoHelp, algoIcon, algoName, algorithm, versionId, createdBy, createdDate, updatedBy, updatedDate, activeStatus, txnAccessCode FROM ast_PasswordAlgo_M WHERE (algoId = ?)
	bind => [FFF07903-C0B7-4027-AAA9-0BC32D4CB47C]
[EL Fine]: sql: 2015-12-22 13:21:04.259--ClientSession(1456825340)--Connection(1511417314)--Thread(Thread[Test worker,5,main])--DELETE FROM ast_PasswordAlgo_M WHERE ((algoId = ?) AND (versionId = ?))
	bind => [FFF07903-C0B7-4027-AAA9-0BC32D4CB47C, 2]
]]></system-out>
  <system-err><![CDATA[]]></system-err>
</testsuite>
