<?xml version="1.0" encoding="UTF-8"?>
<testsuite name="com.app.server.service.AddressTypeTestCase" tests="4" skipped="0" failures="0" errors="0" timestamp="2015-12-22T13:20:50" hostname="0b9ad812dce1" time="0.292">
  <properties/>
  <testcase name="test1Save" classname="com.app.server.service.AddressTypeTestCase" time="0.123"/>
  <testcase name="test2Update" classname="com.app.server.service.AddressTypeTestCase" time="0.049"/>
  <testcase name="test3FindById" classname="com.app.server.service.AddressTypeTestCase" time="0.012"/>
  <testcase name="test4Delete" classname="com.app.server.service.AddressTypeTestCase" time="0.107"/>
  <system-out><![CDATA[Setting logged in user info for ADD
In around repository aspect
[EL Fine]: sql: 2015-12-22 13:20:50.208--ClientSession(695224418)--Connection(1511417314)--Thread(Thread[Test worker,5,main])--INSERT INTO ast_AddressType_M (addressTypeId, addressType, addressTypeDesc, addressTypeIcon, versionId, createdBy, createdDate, updatedBy, updatedDate, activeStatus, txnAccessCode) VALUES (?, ?, ?, ?, ?, ?, ?, ?, ?, ?, ?)
	bind => [AF11D19E-7E54-4490-90C3-823F28AA3585, iDapT1Rh3N16XsEA5e4rDD34lsDrUD5Pf8KWVyYDQux8ix9vA0, PMv3enFFlgPpjO16u4sYv3fMTObI8O0EktRR7YeySOWvwyYdzR, g2edGyClSDHyZa2Rji9bYio4nthZFJFgrew0MdDaB6TIWtsQfO, 1, AAAAA, 2015-12-22 18:50:50.159, null, 2015-12-22 18:50:50.159, 1, null]
In around repository aspect
[EL Fine]: sql: 2015-12-22 13:20:50.274--ClientSession(60775073)--Connection(1511417314)--Thread(Thread[Test worker,5,main])--SELECT addressTypeId, addressType, addressTypeDesc, addressTypeIcon, versionId, createdBy, createdDate, updatedBy, updatedDate, activeStatus, txnAccessCode FROM ast_AddressType_M WHERE ((activeStatus = ?) AND (addressTypeId = ?))
	bind => [1, AF11D19E-7E54-4490-90C3-823F28AA3585]
Setting logged in user info for UPDATE
In around repository aspect
[EL Fine]: sql: 2015-12-22 13:20:50.28--ClientSession(1658996353)--Connection(1511417314)--Thread(Thread[Test worker,5,main])--SELECT addressTypeId, addressType, addressTypeDesc, addressTypeIcon, versionId, createdBy, createdDate, updatedBy, updatedDate, activeStatus, txnAccessCode FROM ast_AddressType_M WHERE (addressTypeId = ?)
	bind => [AF11D19E-7E54-4490-90C3-823F28AA3585]
[EL Fine]: sql: 2015-12-22 13:20:50.282--ClientSession(1658996353)--Connection(1511417314)--Thread(Thread[Test worker,5,main])--UPDATE ast_AddressType_M SET addressType = ?, addressTypeDesc = ?, addressTypeIcon = ?, updatedBy = ?, versionId = ? WHERE ((addressTypeId = ?) AND (versionId = ?))
	bind => [mBxP4O1WEkzEPJcQ3A27PRT9StAkt4gHyLtLo5keC9EneoKqX8, ijN5RdTyUl7dTadJAzzdKhV4t2Dx9DCEiugQPIHkoHLXarFgtw, oOob4waPcNZuqcZqXZ7PcxW9ZruQKXI18xXg14apdmJ8z7yMCE, AAAAA, 2, AF11D19E-7E54-4490-90C3-823F28AA3585, 1]
In around repository aspect
[EL Fine]: sql: 2015-12-22 13:20:50.323--ClientSession(613090118)--Connection(1511417314)--Thread(Thread[Test worker,5,main])--SELECT addressTypeId, addressType, addressTypeDesc, addressTypeIcon, versionId, createdBy, createdDate, updatedBy, updatedDate, activeStatus, txnAccessCode FROM ast_AddressType_M WHERE ((activeStatus = ?) AND (addressTypeId = ?))
	bind => [1, AF11D19E-7E54-4490-90C3-823F28AA3585]
In around repository aspect
[EL Fine]: sql: 2015-12-22 13:20:50.334--ClientSession(296182866)--Connection(1511417314)--Thread(Thread[Test worker,5,main])--SELECT addressTypeId, addressType, addressTypeDesc, addressTypeIcon, versionId, createdBy, createdDate, updatedBy, updatedDate, activeStatus, txnAccessCode FROM ast_AddressType_M WHERE (addressTypeId = ?)
	bind => [AF11D19E-7E54-4490-90C3-823F28AA3585]
[EL Fine]: sql: 2015-12-22 13:20:50.337--ClientSession(296182866)--Connection(1511417314)--Thread(Thread[Test worker,5,main])--DELETE FROM ast_AddressType_M WHERE ((addressTypeId = ?) AND (versionId = ?))
	bind => [AF11D19E-7E54-4490-90C3-823F28AA3585, 2]
]]></system-out>
  <system-err><![CDATA[]]></system-err>
</testsuite>
